[0.884s] Invoking command in '/home/inteli/modulo8-p1/cg/src': PYTHONPATH=/home/inteli/modulo8-p1/cg/build/cg/prefix_override:/usr/lib/python3/dist-packages/colcon_core/task/python/colcon_distutils_commands:/home/inteli/modulo8-p1/cg/install/cg/lib/python3.10/site-packages:${PYTHONPATH} /usr/bin/python3 -W ignore:setup.py install is deprecated setup.py egg_info --egg-base ../build/cg build --build-base /home/inteli/modulo8-p1/cg/build/cg/build install --record /home/inteli/modulo8-p1/cg/build/cg/install.log --single-version-externally-managed install_data
[1.097s] running egg_info
[1.098s] writing ../build/cg/cg.egg-info/PKG-INFO
[1.557s] writing dependency_links to ../build/cg/cg.egg-info/dependency_links.txt
[1.633s] writing entry points to ../build/cg/cg.egg-info/entry_points.txt
[1.967s] writing requirements to ../build/cg/cg.egg-info/requires.txt
[2.125s] writing top-level names to ../build/cg/cg.egg-info/top_level.txt
[2.130s] reading manifest file '../build/cg/cg.egg-info/SOURCES.txt'
[2.130s] adding license file 'LICENSE'
[2.131s] writing manifest file '../build/cg/cg.egg-info/SOURCES.txt'
[2.293s] running build
[2.293s] running build_py
[2.296s] running install
[2.297s] running install_lib
[2.303s] running install_data
[2.303s] running install_egg_info
[2.307s] removing '/home/inteli/modulo8-p1/cg/install/cg/lib/python3.10/site-packages/cg-0.0.0-py3.10.egg-info' (and everything under it)
[2.307s] Copying ../build/cg/cg.egg-info to /home/inteli/modulo8-p1/cg/install/cg/lib/python3.10/site-packages/cg-0.0.0-py3.10.egg-info
[2.308s] running install_scripts
[2.330s] Installing edit script to /home/inteli/modulo8-p1/cg/install/cg/lib/cg
[2.487s] Installing maze script to /home/inteli/modulo8-p1/cg/install/cg/lib/cg
[2.487s] Installing test script to /home/inteli/modulo8-p1/cg/install/cg/lib/cg
[2.489s] writing list of installed files to '/home/inteli/modulo8-p1/cg/build/cg/install.log'
[2.522s] Invoked command in '/home/inteli/modulo8-p1/cg/src' returned '0': PYTHONPATH=/home/inteli/modulo8-p1/cg/build/cg/prefix_override:/usr/lib/python3/dist-packages/colcon_core/task/python/colcon_distutils_commands:/home/inteli/modulo8-p1/cg/install/cg/lib/python3.10/site-packages:${PYTHONPATH} /usr/bin/python3 -W ignore:setup.py install is deprecated setup.py egg_info --egg-base ../build/cg build --build-base /home/inteli/modulo8-p1/cg/build/cg/build install --record /home/inteli/modulo8-p1/cg/build/cg/install.log --single-version-externally-managed install_data
