[0.463s] Invoking command in '/home/inteli/modulo8-p1/cg/src': PYTHONPATH=/home/inteli/modulo8-p1/build/cg/prefix_override:/usr/lib/python3/dist-packages/colcon_core/task/python/colcon_distutils_commands:/home/inteli/modulo8-p1/install/cg/lib/python3.10/site-packages:${PYTHONPATH} /usr/bin/python3 -W ignore:setup.py install is deprecated setup.py egg_info --egg-base ../../build/cg build --build-base /home/inteli/modulo8-p1/build/cg/build install --record /home/inteli/modulo8-p1/build/cg/install.log --single-version-externally-managed install_data
[0.620s] running egg_info
[0.621s] writing ../../build/cg/cg.egg-info/PKG-INFO
[0.621s] writing dependency_links to ../../build/cg/cg.egg-info/dependency_links.txt
[0.633s] writing entry points to ../../build/cg/cg.egg-info/entry_points.txt
[0.637s] writing requirements to ../../build/cg/cg.egg-info/requires.txt
[0.638s] writing top-level names to ../../build/cg/cg.egg-info/top_level.txt
[0.641s] reading manifest file '../../build/cg/cg.egg-info/SOURCES.txt'
[0.641s] adding license file 'LICENSE'
[0.641s] writing manifest file '../../build/cg/cg.egg-info/SOURCES.txt'
[0.641s] running build
[0.641s] running build_py
[0.641s] copying cg/navegacao_reativa.py -> /home/inteli/modulo8-p1/build/cg/build/lib/cg
[0.642s] copying cg/navegacao_mapa.py -> /home/inteli/modulo8-p1/build/cg/build/lib/cg
[0.642s] running install
[0.642s] running install_lib
[0.643s] copying /home/inteli/modulo8-p1/build/cg/build/lib/cg/navegacao_reativa.py -> /home/inteli/modulo8-p1/install/cg/lib/python3.10/site-packages/cg
[0.643s] copying /home/inteli/modulo8-p1/build/cg/build/lib/cg/navegacao_mapa.py -> /home/inteli/modulo8-p1/install/cg/lib/python3.10/site-packages/cg
[0.644s] byte-compiling /home/inteli/modulo8-p1/install/cg/lib/python3.10/site-packages/cg/navegacao_reativa.py to navegacao_reativa.cpython-310.pyc
[0.653s] byte-compiling /home/inteli/modulo8-p1/install/cg/lib/python3.10/site-packages/cg/navegacao_mapa.py to navegacao_mapa.cpython-310.pyc
[0.655s] running install_data
[0.655s] running install_egg_info
[0.657s] removing '/home/inteli/modulo8-p1/install/cg/lib/python3.10/site-packages/cg-0.0.0-py3.10.egg-info' (and everything under it)
[0.657s] Copying ../../build/cg/cg.egg-info to /home/inteli/modulo8-p1/install/cg/lib/python3.10/site-packages/cg-0.0.0-py3.10.egg-info
[0.657s] running install_scripts
[0.671s] Installing cli script to /home/inteli/modulo8-p1/install/cg/lib/cg
[0.671s] Installing edit script to /home/inteli/modulo8-p1/install/cg/lib/cg
[0.683s] Installing maze script to /home/inteli/modulo8-p1/install/cg/lib/cg
[0.684s] Installing test script to /home/inteli/modulo8-p1/install/cg/lib/cg
[0.685s] writing list of installed files to '/home/inteli/modulo8-p1/build/cg/install.log'
[0.707s] Invoked command in '/home/inteli/modulo8-p1/cg/src' returned '0': PYTHONPATH=/home/inteli/modulo8-p1/build/cg/prefix_override:/usr/lib/python3/dist-packages/colcon_core/task/python/colcon_distutils_commands:/home/inteli/modulo8-p1/install/cg/lib/python3.10/site-packages:${PYTHONPATH} /usr/bin/python3 -W ignore:setup.py install is deprecated setup.py egg_info --egg-base ../../build/cg build --build-base /home/inteli/modulo8-p1/build/cg/build install --record /home/inteli/modulo8-p1/build/cg/install.log --single-version-externally-managed install_data
