[0.096s] DEBUG:colcon:Command line arguments: ['/usr/bin/colcon', 'build']
[0.096s] DEBUG:colcon:Parsed command line arguments: Namespace(log_base=None, log_level=None, verb_name='build', build_base='build', install_base='install', merge_install=False, symlink_install=False, test_result_base=None, continue_on_error=False, executor='parallel', parallel_workers=8, event_handlers=None, ignore_user_meta=False, metas=['./colcon.meta'], base_paths=['.'], packages_ignore=None, packages_ignore_regex=None, paths=None, packages_up_to=None, packages_up_to_regex=None, packages_above=None, packages_above_and_dependencies=None, packages_above_depth=None, packages_select_by_dep=None, packages_skip_by_dep=None, packages_skip_up_to=None, packages_select_build_failed=False, packages_skip_build_finished=False, packages_select_test_failures=False, packages_skip_test_passed=False, packages_select=None, packages_skip=None, packages_select_regex=None, packages_skip_regex=None, packages_start=None, packages_end=None, allow_overriding=[], cmake_args=None, cmake_target=None, cmake_target_skip_unavailable=False, cmake_clean_cache=False, cmake_clean_first=False, cmake_force_configure=False, ament_cmake_args=None, catkin_cmake_args=None, catkin_skip_building_tests=False, verb_parser=<colcon_defaults.argument_parser.defaults.DefaultArgumentsDecorator object at 0x76159ae41450>, verb_extension=<colcon_core.verb.build.BuildVerb object at 0x76159ae41000>, main=<bound method BuildVerb.main of <colcon_core.verb.build.BuildVerb object at 0x76159ae41000>>)
[0.232s] Level 1:colcon.colcon_core.package_discovery:discover_packages(colcon_meta) check parameters
[0.232s] Level 1:colcon.colcon_core.package_discovery:discover_packages(recursive) check parameters
[0.232s] Level 1:colcon.colcon_core.package_discovery:discover_packages(ignore) check parameters
[0.232s] Level 1:colcon.colcon_core.package_discovery:discover_packages(path) check parameters
[0.232s] Level 1:colcon.colcon_core.package_discovery:discover_packages(colcon_meta) discover
[0.233s] Level 1:colcon.colcon_core.package_discovery:discover_packages(recursive) discover
[0.233s] INFO:colcon.colcon_core.package_discovery:Crawling recursively for packages in '/home/inteli/modulo8-p1/cg'
[0.233s] Level 1:colcon.colcon_core.package_identification:_identify(.) by extensions ['ignore', 'ignore_ament_install']
[0.233s] Level 1:colcon.colcon_core.package_identification:_identify(.) by extension 'ignore'
[0.233s] Level 1:colcon.colcon_core.package_identification:_identify(.) by extension 'ignore_ament_install'
[0.233s] Level 1:colcon.colcon_core.package_identification:_identify(.) by extensions ['colcon_pkg']
[0.233s] Level 1:colcon.colcon_core.package_identification:_identify(.) by extension 'colcon_pkg'
[0.233s] Level 1:colcon.colcon_core.package_identification:_identify(.) by extensions ['colcon_meta']
[0.233s] Level 1:colcon.colcon_core.package_identification:_identify(.) by extension 'colcon_meta'
[0.233s] Level 1:colcon.colcon_core.package_identification:_identify(.) by extensions ['ros']
[0.233s] Level 1:colcon.colcon_core.package_identification:_identify(.) by extension 'ros'
[0.244s] Level 1:colcon.colcon_core.package_identification:_identify(.) by extensions ['cmake', 'python']
[0.244s] Level 1:colcon.colcon_core.package_identification:_identify(.) by extension 'cmake'
[0.244s] Level 1:colcon.colcon_core.package_identification:_identify(.) by extension 'python'
[0.244s] Level 1:colcon.colcon_core.package_identification:_identify(.) by extensions ['python_setup_py']
[0.244s] Level 1:colcon.colcon_core.package_identification:_identify(.) by extension 'python_setup_py'
[0.244s] Level 1:colcon.colcon_core.package_identification:_identify(build) by extensions ['ignore', 'ignore_ament_install']
[0.244s] Level 1:colcon.colcon_core.package_identification:_identify(build) by extension 'ignore'
[0.244s] Level 1:colcon.colcon_core.package_identification:_identify(build) ignored
[0.244s] Level 1:colcon.colcon_core.package_identification:_identify(cg_interfaces) by extensions ['ignore', 'ignore_ament_install']
[0.245s] Level 1:colcon.colcon_core.package_identification:_identify(cg_interfaces) by extension 'ignore'
[0.245s] Level 1:colcon.colcon_core.package_identification:_identify(cg_interfaces) by extension 'ignore_ament_install'
[0.245s] Level 1:colcon.colcon_core.package_identification:_identify(cg_interfaces) by extensions ['colcon_pkg']
[0.245s] Level 1:colcon.colcon_core.package_identification:_identify(cg_interfaces) by extension 'colcon_pkg'
[0.245s] Level 1:colcon.colcon_core.package_identification:_identify(cg_interfaces) by extensions ['colcon_meta']
[0.245s] Level 1:colcon.colcon_core.package_identification:_identify(cg_interfaces) by extension 'colcon_meta'
[0.245s] Level 1:colcon.colcon_core.package_identification:_identify(cg_interfaces) by extensions ['ros']
[0.245s] Level 1:colcon.colcon_core.package_identification:_identify(cg_interfaces) by extension 'ros'
[0.248s] DEBUG:colcon.colcon_core.package_identification:Package 'cg_interfaces' with type 'ros.ament_cmake' and name 'cg_interfaces'
[0.248s] Level 1:colcon.colcon_core.package_identification:_identify(install) by extensions ['ignore', 'ignore_ament_install']
[0.248s] Level 1:colcon.colcon_core.package_identification:_identify(install) by extension 'ignore'
[0.248s] Level 1:colcon.colcon_core.package_identification:_identify(install) ignored
[0.248s] Level 1:colcon.colcon_core.package_identification:_identify(log) by extensions ['ignore', 'ignore_ament_install']
[0.248s] Level 1:colcon.colcon_core.package_identification:_identify(log) by extension 'ignore'
[0.248s] Level 1:colcon.colcon_core.package_identification:_identify(log) ignored
[0.248s] Level 1:colcon.colcon_core.package_identification:_identify(src) by extensions ['ignore', 'ignore_ament_install']
[0.248s] Level 1:colcon.colcon_core.package_identification:_identify(src) by extension 'ignore'
[0.248s] Level 1:colcon.colcon_core.package_identification:_identify(src) by extension 'ignore_ament_install'
[0.248s] Level 1:colcon.colcon_core.package_identification:_identify(src) by extensions ['colcon_pkg']
[0.248s] Level 1:colcon.colcon_core.package_identification:_identify(src) by extension 'colcon_pkg'
[0.248s] Level 1:colcon.colcon_core.package_identification:_identify(src) by extensions ['colcon_meta']
[0.248s] Level 1:colcon.colcon_core.package_identification:_identify(src) by extension 'colcon_meta'
[0.248s] Level 1:colcon.colcon_core.package_identification:_identify(src) by extensions ['ros']
[0.248s] Level 1:colcon.colcon_core.package_identification:_identify(src) by extension 'ros'
[0.249s] DEBUG:colcon.colcon_core.package_identification:Package 'src' with type 'ros.ament_python' and name 'cg'
[0.249s] Level 1:colcon.colcon_core.package_discovery:discover_packages(recursive) using defaults
[0.249s] Level 1:colcon.colcon_core.package_discovery:discover_packages(ignore) discover
[0.249s] Level 1:colcon.colcon_core.package_discovery:discover_packages(ignore) using defaults
[0.249s] Level 1:colcon.colcon_core.package_discovery:discover_packages(path) discover
[0.249s] Level 1:colcon.colcon_core.package_discovery:discover_packages(path) using defaults
[0.278s] Level 1:colcon.colcon_core.package_discovery:discover_packages(prefix_path) check parameters
[0.278s] Level 1:colcon.colcon_core.package_discovery:discover_packages(prefix_path) discover
[0.280s] DEBUG:colcon.colcon_installed_package_information.package_discovery:Found 2 installed packages in /home/inteli/modulo8-p1/cg/install
[0.282s] DEBUG:colcon.colcon_installed_package_information.package_discovery:Found 384 installed packages in /opt/ros/humble
[0.283s] Level 1:colcon.colcon_core.package_discovery:discover_packages(prefix_path) using defaults
[0.323s] Level 5:colcon.colcon_core.verb:set package 'cg_interfaces' build argument 'cmake_args' from command line to 'None'
[0.323s] Level 5:colcon.colcon_core.verb:set package 'cg_interfaces' build argument 'cmake_target' from command line to 'None'
[0.323s] Level 5:colcon.colcon_core.verb:set package 'cg_interfaces' build argument 'cmake_target_skip_unavailable' from command line to 'False'
[0.323s] Level 5:colcon.colcon_core.verb:set package 'cg_interfaces' build argument 'cmake_clean_cache' from command line to 'False'
[0.323s] Level 5:colcon.colcon_core.verb:set package 'cg_interfaces' build argument 'cmake_clean_first' from command line to 'False'
[0.323s] Level 5:colcon.colcon_core.verb:set package 'cg_interfaces' build argument 'cmake_force_configure' from command line to 'False'
[0.323s] Level 5:colcon.colcon_core.verb:set package 'cg_interfaces' build argument 'ament_cmake_args' from command line to 'None'
[0.323s] Level 5:colcon.colcon_core.verb:set package 'cg_interfaces' build argument 'catkin_cmake_args' from command line to 'None'
[0.323s] Level 5:colcon.colcon_core.verb:set package 'cg_interfaces' build argument 'catkin_skip_building_tests' from command line to 'False'
[0.323s] DEBUG:colcon.colcon_core.verb:Building package 'cg_interfaces' with the following arguments: {'ament_cmake_args': None, 'build_base': '/home/inteli/modulo8-p1/cg/build/cg_interfaces', 'catkin_cmake_args': None, 'catkin_skip_building_tests': False, 'cmake_args': None, 'cmake_clean_cache': False, 'cmake_clean_first': False, 'cmake_force_configure': False, 'cmake_target': None, 'cmake_target_skip_unavailable': False, 'install_base': '/home/inteli/modulo8-p1/cg/install/cg_interfaces', 'merge_install': False, 'path': '/home/inteli/modulo8-p1/cg/cg_interfaces', 'symlink_install': False, 'test_result_base': None}
[0.324s] Level 5:colcon.colcon_core.verb:set package 'cg' build argument 'cmake_args' from command line to 'None'
[0.324s] Level 5:colcon.colcon_core.verb:set package 'cg' build argument 'cmake_target' from command line to 'None'
[0.324s] Level 5:colcon.colcon_core.verb:set package 'cg' build argument 'cmake_target_skip_unavailable' from command line to 'False'
[0.324s] Level 5:colcon.colcon_core.verb:set package 'cg' build argument 'cmake_clean_cache' from command line to 'False'
[0.324s] Level 5:colcon.colcon_core.verb:set package 'cg' build argument 'cmake_clean_first' from command line to 'False'
[0.324s] Level 5:colcon.colcon_core.verb:set package 'cg' build argument 'cmake_force_configure' from command line to 'False'
[0.324s] Level 5:colcon.colcon_core.verb:set package 'cg' build argument 'ament_cmake_args' from command line to 'None'
[0.324s] Level 5:colcon.colcon_core.verb:set package 'cg' build argument 'catkin_cmake_args' from command line to 'None'
[0.324s] Level 5:colcon.colcon_core.verb:set package 'cg' build argument 'catkin_skip_building_tests' from command line to 'False'
[0.324s] DEBUG:colcon.colcon_core.verb:Building package 'cg' with the following arguments: {'ament_cmake_args': None, 'build_base': '/home/inteli/modulo8-p1/cg/build/cg', 'catkin_cmake_args': None, 'catkin_skip_building_tests': False, 'cmake_args': None, 'cmake_clean_cache': False, 'cmake_clean_first': False, 'cmake_force_configure': False, 'cmake_target': None, 'cmake_target_skip_unavailable': False, 'install_base': '/home/inteli/modulo8-p1/cg/install/cg', 'merge_install': False, 'path': '/home/inteli/modulo8-p1/cg/src', 'symlink_install': False, 'test_result_base': None}
[0.324s] INFO:colcon.colcon_core.executor:Executing jobs using 'parallel' executor
[0.325s] DEBUG:colcon.colcon_parallel_executor.executor.parallel:run_until_complete
[0.326s] INFO:colcon.colcon_ros.task.ament_cmake.build:Building ROS package in '/home/inteli/modulo8-p1/cg/cg_interfaces' with build type 'ament_cmake'
[0.326s] INFO:colcon.colcon_cmake.task.cmake.build:Building CMake package in '/home/inteli/modulo8-p1/cg/cg_interfaces'
[0.328s] INFO:colcon.colcon_core.plugin_system:Skipping extension 'colcon_core.shell.bat': Not used on non-Windows systems
[0.328s] INFO:colcon.colcon_core.shell:Skip shell extension 'powershell' for command environment: Not usable outside of PowerShell
[0.328s] DEBUG:colcon.colcon_core.shell:Skip shell extension 'dsv' for command environment
[0.552s] DEBUG:colcon.colcon_core.event_handler.log_command:Invoking command in '/home/inteli/modulo8-p1/cg/build/cg_interfaces': CMAKE_PREFIX_PATH=${CMAKE_PREFIX_PATH}:/home/inteli/modulo8-p1/cg/install/cg:/opt/ros/humble /usr/bin/cmake --build /home/inteli/modulo8-p1/cg/build/cg_interfaces -- -j8 -l8
[1.819s] DEBUG:colcon.colcon_core.event_handler.log_command:Invoked command in '/home/inteli/modulo8-p1/cg/build/cg_interfaces' returned '0': CMAKE_PREFIX_PATH=${CMAKE_PREFIX_PATH}:/home/inteli/modulo8-p1/cg/install/cg:/opt/ros/humble /usr/bin/cmake --build /home/inteli/modulo8-p1/cg/build/cg_interfaces -- -j8 -l8
[1.919s] DEBUG:colcon.colcon_core.event_handler.log_command:Invoking command in '/home/inteli/modulo8-p1/cg/build/cg_interfaces': CMAKE_PREFIX_PATH=${CMAKE_PREFIX_PATH}:/home/inteli/modulo8-p1/cg/install/cg:/opt/ros/humble /usr/bin/cmake --install /home/inteli/modulo8-p1/cg/build/cg_interfaces
[2.110s] Level 1:colcon.colcon_core.environment:create_environment_scripts_only(cg_interfaces)
[2.112s] DEBUG:colcon.colcon_core.event_handler.log_command:Invoked command in '/home/inteli/modulo8-p1/cg/build/cg_interfaces' returned '0': CMAKE_PREFIX_PATH=${CMAKE_PREFIX_PATH}:/home/inteli/modulo8-p1/cg/install/cg:/opt/ros/humble /usr/bin/cmake --install /home/inteli/modulo8-p1/cg/build/cg_interfaces
[2.116s] Level 1:colcon.colcon_core.environment:checking '/home/inteli/modulo8-p1/cg/install/cg_interfaces' for CMake module files
[2.117s] Level 1:colcon.colcon_core.environment:checking '/home/inteli/modulo8-p1/cg/install/cg_interfaces' for CMake config files
[2.118s] Level 1:colcon.colcon_core.shell:create_environment_hook('cg_interfaces', 'cmake_prefix_path')
[2.118s] INFO:colcon.colcon_core.shell:Creating environment hook '/home/inteli/modulo8-p1/cg/install/cg_interfaces/share/cg_interfaces/hook/cmake_prefix_path.ps1'
[2.408s] INFO:colcon.colcon_core.shell:Creating environment descriptor '/home/inteli/modulo8-p1/cg/install/cg_interfaces/share/cg_interfaces/hook/cmake_prefix_path.dsv'
[2.586s] INFO:colcon.colcon_core.shell:Creating environment hook '/home/inteli/modulo8-p1/cg/install/cg_interfaces/share/cg_interfaces/hook/cmake_prefix_path.sh'
[2.588s] Level 1:colcon.colcon_core.environment:checking '/home/inteli/modulo8-p1/cg/install/cg_interfaces/lib'
[2.588s] Level 1:colcon.colcon_core.shell:create_environment_hook('cg_interfaces', 'ld_library_path_lib')
[2.588s] INFO:colcon.colcon_core.shell:Creating environment hook '/home/inteli/modulo8-p1/cg/install/cg_interfaces/share/cg_interfaces/hook/ld_library_path_lib.ps1'
[2.599s] INFO:colcon.colcon_core.shell:Creating environment descriptor '/home/inteli/modulo8-p1/cg/install/cg_interfaces/share/cg_interfaces/hook/ld_library_path_lib.dsv'
[2.600s] INFO:colcon.colcon_core.shell:Creating environment hook '/home/inteli/modulo8-p1/cg/install/cg_interfaces/share/cg_interfaces/hook/ld_library_path_lib.sh'
[2.601s] Level 1:colcon.colcon_core.environment:checking '/home/inteli/modulo8-p1/cg/install/cg_interfaces/bin'
[2.601s] Level 1:colcon.colcon_core.environment:checking '/home/inteli/modulo8-p1/cg/install/cg_interfaces/lib/pkgconfig/cg_interfaces.pc'
[2.601s] Level 1:colcon.colcon_core.environment:checking '/home/inteli/modulo8-p1/cg/install/cg_interfaces/lib/python3.10/site-packages'
[2.602s] Level 1:colcon.colcon_core.environment:checking '/home/inteli/modulo8-p1/cg/install/cg_interfaces/bin'
[2.602s] INFO:colcon.colcon_core.shell:Creating package script '/home/inteli/modulo8-p1/cg/install/cg_interfaces/share/cg_interfaces/package.ps1'
[2.603s] INFO:colcon.colcon_core.shell:Creating package descriptor '/home/inteli/modulo8-p1/cg/install/cg_interfaces/share/cg_interfaces/package.dsv'
[2.615s] INFO:colcon.colcon_core.shell:Creating package script '/home/inteli/modulo8-p1/cg/install/cg_interfaces/share/cg_interfaces/package.sh'
[2.617s] INFO:colcon.colcon_core.shell:Creating package script '/home/inteli/modulo8-p1/cg/install/cg_interfaces/share/cg_interfaces/package.bash'
[2.629s] INFO:colcon.colcon_core.shell:Creating package script '/home/inteli/modulo8-p1/cg/install/cg_interfaces/share/cg_interfaces/package.zsh'
[2.630s] Level 1:colcon.colcon_core.environment:create_file_with_runtime_dependencies(/home/inteli/modulo8-p1/cg/install/cg_interfaces/share/colcon-core/packages/cg_interfaces)
[2.739s] Level 1:colcon.colcon_core.environment:create_environment_scripts_only(cg_interfaces)
[2.740s] Level 1:colcon.colcon_core.environment:checking '/home/inteli/modulo8-p1/cg/install/cg_interfaces' for CMake module files
[2.741s] Level 1:colcon.colcon_core.environment:checking '/home/inteli/modulo8-p1/cg/install/cg_interfaces' for CMake config files
[2.742s] Level 1:colcon.colcon_core.shell:create_environment_hook('cg_interfaces', 'cmake_prefix_path')
[2.742s] INFO:colcon.colcon_core.shell:Creating environment hook '/home/inteli/modulo8-p1/cg/install/cg_interfaces/share/cg_interfaces/hook/cmake_prefix_path.ps1'
[3.104s] INFO:colcon.colcon_core.shell:Creating environment descriptor '/home/inteli/modulo8-p1/cg/install/cg_interfaces/share/cg_interfaces/hook/cmake_prefix_path.dsv'
[3.254s] INFO:colcon.colcon_core.shell:Creating environment hook '/home/inteli/modulo8-p1/cg/install/cg_interfaces/share/cg_interfaces/hook/cmake_prefix_path.sh'
[3.258s] Level 1:colcon.colcon_core.environment:checking '/home/inteli/modulo8-p1/cg/install/cg_interfaces/lib'
[3.258s] Level 1:colcon.colcon_core.shell:create_environment_hook('cg_interfaces', 'ld_library_path_lib')
[3.259s] INFO:colcon.colcon_core.shell:Creating environment hook '/home/inteli/modulo8-p1/cg/install/cg_interfaces/share/cg_interfaces/hook/ld_library_path_lib.ps1'
[3.622s] INFO:colcon.colcon_core.shell:Creating environment descriptor '/home/inteli/modulo8-p1/cg/install/cg_interfaces/share/cg_interfaces/hook/ld_library_path_lib.dsv'
[3.701s] INFO:colcon.colcon_core.shell:Creating environment hook '/home/inteli/modulo8-p1/cg/install/cg_interfaces/share/cg_interfaces/hook/ld_library_path_lib.sh'
[3.782s] Level 1:colcon.colcon_core.environment:checking '/home/inteli/modulo8-p1/cg/install/cg_interfaces/bin'
[3.782s] Level 1:colcon.colcon_core.environment:checking '/home/inteli/modulo8-p1/cg/install/cg_interfaces/lib/pkgconfig/cg_interfaces.pc'
[3.783s] Level 1:colcon.colcon_core.environment:checking '/home/inteli/modulo8-p1/cg/install/cg_interfaces/lib/python3.10/site-packages'
[3.783s] Level 1:colcon.colcon_core.environment:checking '/home/inteli/modulo8-p1/cg/install/cg_interfaces/bin'
[3.784s] INFO:colcon.colcon_core.shell:Creating package script '/home/inteli/modulo8-p1/cg/install/cg_interfaces/share/cg_interfaces/package.ps1'
[4.220s] INFO:colcon.colcon_core.shell:Creating package descriptor '/home/inteli/modulo8-p1/cg/install/cg_interfaces/share/cg_interfaces/package.dsv'
[4.229s] INFO:colcon.colcon_core.shell:Creating package script '/home/inteli/modulo8-p1/cg/install/cg_interfaces/share/cg_interfaces/package.sh'
[4.244s] INFO:colcon.colcon_core.shell:Creating package script '/home/inteli/modulo8-p1/cg/install/cg_interfaces/share/cg_interfaces/package.bash'
[4.261s] INFO:colcon.colcon_core.shell:Creating package script '/home/inteli/modulo8-p1/cg/install/cg_interfaces/share/cg_interfaces/package.zsh'
[4.262s] Level 1:colcon.colcon_core.environment:create_file_with_runtime_dependencies(/home/inteli/modulo8-p1/cg/install/cg_interfaces/share/colcon-core/packages/cg_interfaces)
[4.263s] INFO:colcon.colcon_ros.task.ament_python.build:Building ROS package in '/home/inteli/modulo8-p1/cg/src' with build type 'ament_python'
[4.263s] Level 1:colcon.colcon_core.shell:create_environment_hook('cg', 'ament_prefix_path')
[4.264s] INFO:colcon.colcon_core.shell:Creating environment hook '/home/inteli/modulo8-p1/cg/install/cg/share/cg/hook/ament_prefix_path.ps1'
[4.266s] INFO:colcon.colcon_core.shell:Creating environment descriptor '/home/inteli/modulo8-p1/cg/install/cg/share/cg/hook/ament_prefix_path.dsv'
[4.268s] INFO:colcon.colcon_core.shell:Creating environment hook '/home/inteli/modulo8-p1/cg/install/cg/share/cg/hook/ament_prefix_path.sh'
[4.269s] INFO:colcon.colcon_core.shell:Skip shell extension 'powershell' for command environment: Not usable outside of PowerShell
[4.269s] DEBUG:colcon.colcon_core.shell:Skip shell extension 'dsv' for command environment
[4.527s] INFO:colcon.colcon_core.task.python.build:Building Python package in '/home/inteli/modulo8-p1/cg/src'
[4.528s] INFO:colcon.colcon_core.shell:Skip shell extension 'powershell' for command environment: Not usable outside of PowerShell
[4.528s] DEBUG:colcon.colcon_core.shell:Skip shell extension 'dsv' for command environment
[5.151s] DEBUG:colcon.colcon_core.event_handler.log_command:Invoking command in '/home/inteli/modulo8-p1/cg/src': PYTHONPATH=/home/inteli/modulo8-p1/cg/build/cg/prefix_override:/usr/lib/python3/dist-packages/colcon_core/task/python/colcon_distutils_commands:/home/inteli/modulo8-p1/cg/install/cg/lib/python3.10/site-packages:${PYTHONPATH} /usr/bin/python3 -W ignore:setup.py install is deprecated setup.py egg_info --egg-base ../build/cg build --build-base /home/inteli/modulo8-p1/cg/build/cg/build install --record /home/inteli/modulo8-p1/cg/build/cg/install.log --single-version-externally-managed install_data
[6.788s] Level 1:colcon.colcon_core.environment:checking '/home/inteli/modulo8-p1/cg/install/cg' for CMake module files
[6.789s] DEBUG:colcon.colcon_core.event_handler.log_command:Invoked command in '/home/inteli/modulo8-p1/cg/src' returned '0': PYTHONPATH=/home/inteli/modulo8-p1/cg/build/cg/prefix_override:/usr/lib/python3/dist-packages/colcon_core/task/python/colcon_distutils_commands:/home/inteli/modulo8-p1/cg/install/cg/lib/python3.10/site-packages:${PYTHONPATH} /usr/bin/python3 -W ignore:setup.py install is deprecated setup.py egg_info --egg-base ../build/cg build --build-base /home/inteli/modulo8-p1/cg/build/cg/build install --record /home/inteli/modulo8-p1/cg/build/cg/install.log --single-version-externally-managed install_data
[6.789s] Level 1:colcon.colcon_core.environment:checking '/home/inteli/modulo8-p1/cg/install/cg' for CMake config files
[6.790s] Level 1:colcon.colcon_core.environment:checking '/home/inteli/modulo8-p1/cg/install/cg/lib'
[6.790s] Level 1:colcon.colcon_core.environment:checking '/home/inteli/modulo8-p1/cg/install/cg/bin'
[6.790s] Level 1:colcon.colcon_core.environment:checking '/home/inteli/modulo8-p1/cg/install/cg/lib/pkgconfig/cg.pc'
[6.790s] Level 1:colcon.colcon_core.environment:checking '/home/inteli/modulo8-p1/cg/install/cg/lib/python3.10/site-packages'
[6.790s] Level 1:colcon.colcon_core.shell:create_environment_hook('cg', 'pythonpath')
[6.790s] INFO:colcon.colcon_core.shell:Creating environment hook '/home/inteli/modulo8-p1/cg/install/cg/share/cg/hook/pythonpath.ps1'
[6.791s] INFO:colcon.colcon_core.shell:Creating environment descriptor '/home/inteli/modulo8-p1/cg/install/cg/share/cg/hook/pythonpath.dsv'
[6.811s] INFO:colcon.colcon_core.shell:Creating environment hook '/home/inteli/modulo8-p1/cg/install/cg/share/cg/hook/pythonpath.sh'
[6.812s] Level 1:colcon.colcon_core.environment:checking '/home/inteli/modulo8-p1/cg/install/cg/bin'
[6.812s] Level 1:colcon.colcon_core.environment:create_environment_scripts_only(cg)
[6.813s] INFO:colcon.colcon_core.shell:Creating package script '/home/inteli/modulo8-p1/cg/install/cg/share/cg/package.ps1'
[6.814s] INFO:colcon.colcon_core.shell:Creating package descriptor '/home/inteli/modulo8-p1/cg/install/cg/share/cg/package.dsv'
[6.826s] INFO:colcon.colcon_core.shell:Creating package script '/home/inteli/modulo8-p1/cg/install/cg/share/cg/package.sh'
[6.827s] INFO:colcon.colcon_core.shell:Creating package script '/home/inteli/modulo8-p1/cg/install/cg/share/cg/package.bash'
[6.839s] INFO:colcon.colcon_core.shell:Creating package script '/home/inteli/modulo8-p1/cg/install/cg/share/cg/package.zsh'
[6.840s] Level 1:colcon.colcon_core.environment:create_file_with_runtime_dependencies(/home/inteli/modulo8-p1/cg/install/cg/share/colcon-core/packages/cg)
[6.843s] DEBUG:colcon.colcon_parallel_executor.executor.parallel:closing loop
[6.844s] DEBUG:colcon.colcon_parallel_executor.executor.parallel:loop closed
[6.844s] DEBUG:colcon.colcon_parallel_executor.executor.parallel:run_until_complete finished with '0'
[6.844s] DEBUG:colcon.colcon_core.event_reactor:joining thread
[6.854s] INFO:colcon.colcon_core.plugin_system:Skipping extension 'colcon_notification.desktop_notification.terminal_notifier': Not used on non-Darwin systems
[6.854s] INFO:colcon.colcon_core.plugin_system:Skipping extension 'colcon_notification.desktop_notification.win32': Not used on non-Windows systems
[6.854s] INFO:colcon.colcon_notification.desktop_notification:Sending desktop notification using 'notify2'
[6.872s] DEBUG:colcon.colcon_core.event_reactor:joined thread
[6.873s] INFO:colcon.colcon_core.shell:Creating prefix script '/home/inteli/modulo8-p1/cg/install/local_setup.ps1'
[6.874s] INFO:colcon.colcon_core.shell:Creating prefix util module '/home/inteli/modulo8-p1/cg/install/_local_setup_util_ps1.py'
[6.886s] INFO:colcon.colcon_core.shell:Creating prefix chain script '/home/inteli/modulo8-p1/cg/install/setup.ps1'
[6.887s] INFO:colcon.colcon_core.shell:Creating prefix script '/home/inteli/modulo8-p1/cg/install/local_setup.sh'
[6.888s] INFO:colcon.colcon_core.shell:Creating prefix util module '/home/inteli/modulo8-p1/cg/install/_local_setup_util_sh.py'
[6.889s] INFO:colcon.colcon_core.shell:Creating prefix chain script '/home/inteli/modulo8-p1/cg/install/setup.sh'
[6.891s] INFO:colcon.colcon_core.shell:Creating prefix script '/home/inteli/modulo8-p1/cg/install/local_setup.bash'
[6.902s] INFO:colcon.colcon_core.shell:Creating prefix chain script '/home/inteli/modulo8-p1/cg/install/setup.bash'
[6.904s] INFO:colcon.colcon_core.shell:Creating prefix script '/home/inteli/modulo8-p1/cg/install/local_setup.zsh'
[6.919s] INFO:colcon.colcon_core.shell:Creating prefix chain script '/home/inteli/modulo8-p1/cg/install/setup.zsh'
