[0.018s] Invoking command in '/home/inteli/modulo8-p1/build/cg_interfaces': CMAKE_PREFIX_PATH=${CMAKE_PREFIX_PATH}:/home/inteli/modulo8-p1/install/cg:/opt/ros/humble /usr/bin/cmake --build /home/inteli/modulo8-p1/build/cg_interfaces -- -j8 -l8
[0.055s] [  7%] Built target cg_interfaces__cpp
[0.055s] [ 12%] Built target cg_interfaces__rosidl_generator_c
[0.062s] [ 12%] Built target ament_cmake_python_copy_cg_interfaces
[0.071s] [ 23%] Built target cg_interfaces__rosidl_typesupport_fastrtps_cpp
[0.073s] [ 33%] Built target cg_interfaces__rosidl_typesupport_introspection_cpp
[0.074s] [ 43%] Built target cg_interfaces__rosidl_typesupport_cpp
[0.081s] [ 71%] Built target cg_interfaces__rosidl_typesupport_fastrtps_c
[0.081s] [ 71%] Built target cg_interfaces__rosidl_typesupport_c
[0.081s] [ 74%] Built target cg_interfaces__rosidl_typesupport_introspection_c
[0.096s] [ 74%] Built target cg_interfaces
[0.112s] [ 76%] Built target cg_interfaces__py
[0.130s] [ 84%] Built target cg_interfaces__rosidl_generator_py
[0.147s] [100%] Built target cg_interfaces__rosidl_typesupport_fastrtps_c__pyext
[0.147s] [100%] Built target cg_interfaces__rosidl_typesupport_c__pyext
[0.148s] [100%] Built target cg_interfaces__rosidl_typesupport_introspection_c__pyext
[0.234s] running egg_info
[0.235s] writing cg_interfaces.egg-info/PKG-INFO
[0.235s] writing dependency_links to cg_interfaces.egg-info/dependency_links.txt
[0.247s] writing top-level names to cg_interfaces.egg-info/top_level.txt
[0.249s] reading manifest file 'cg_interfaces.egg-info/SOURCES.txt'
[0.250s] writing manifest file 'cg_interfaces.egg-info/SOURCES.txt'
[0.269s] [100%] Built target ament_cmake_python_build_cg_interfaces_egg
[0.278s] Invoked command in '/home/inteli/modulo8-p1/build/cg_interfaces' returned '0': CMAKE_PREFIX_PATH=${CMAKE_PREFIX_PATH}:/home/inteli/modulo8-p1/install/cg:/opt/ros/humble /usr/bin/cmake --build /home/inteli/modulo8-p1/build/cg_interfaces -- -j8 -l8
[0.340s] Invoking command in '/home/inteli/modulo8-p1/build/cg_interfaces': CMAKE_PREFIX_PATH=${CMAKE_PREFIX_PATH}:/home/inteli/modulo8-p1/install/cg:/opt/ros/humble /usr/bin/cmake --install /home/inteli/modulo8-p1/build/cg_interfaces
[0.346s] -- Install configuration: ""
[0.346s] -- Up-to-date: /home/inteli/modulo8-p1/install/cg_interfaces/share/ament_index/resource_index/rosidl_interfaces/cg_interfaces
[0.347s] -- Up-to-date: /home/inteli/modulo8-p1/install/cg_interfaces/include/cg_interfaces/cg_interfaces
[0.347s] -- Up-to-date: /home/inteli/modulo8-p1/install/cg_interfaces/include/cg_interfaces/cg_interfaces/msg
[0.347s] -- Up-to-date: /home/inteli/modulo8-p1/install/cg_interfaces/include/cg_interfaces/cg_interfaces/msg/rosidl_generator_c__visibility_control.h
[0.347s] -- Up-to-date: /home/inteli/modulo8-p1/install/cg_interfaces/include/cg_interfaces/cg_interfaces/srv
[0.347s] -- Up-to-date: /home/inteli/modulo8-p1/install/cg_interfaces/include/cg_interfaces/cg_interfaces/srv/get_map.h
[0.347s] -- Up-to-date: /home/inteli/modulo8-p1/install/cg_interfaces/include/cg_interfaces/cg_interfaces/srv/move_cmd.h
[0.347s] -- Up-to-date: /home/inteli/modulo8-p1/install/cg_interfaces/include/cg_interfaces/cg_interfaces/srv/detail
[0.347s] -- Up-to-date: /home/inteli/modulo8-p1/install/cg_interfaces/include/cg_interfaces/cg_interfaces/srv/detail/move_cmd__type_support.h
[0.347s] -- Up-to-date: /home/inteli/modulo8-p1/install/cg_interfaces/include/cg_interfaces/cg_interfaces/srv/detail/get_map__type_support.h
[0.347s] -- Up-to-date: /home/inteli/modulo8-p1/install/cg_interfaces/include/cg_interfaces/cg_interfaces/srv/detail/get_map__struct.h
[0.347s] -- Up-to-date: /home/inteli/modulo8-p1/install/cg_interfaces/include/cg_interfaces/cg_interfaces/srv/detail/move_cmd__functions.c
[0.347s] -- Up-to-date: /home/inteli/modulo8-p1/install/cg_interfaces/include/cg_interfaces/cg_interfaces/srv/detail/get_map__functions.h
[0.347s] -- Up-to-date: /home/inteli/modulo8-p1/install/cg_interfaces/include/cg_interfaces/cg_interfaces/srv/detail/get_map__functions.c
[0.347s] -- Up-to-date: /home/inteli/modulo8-p1/install/cg_interfaces/include/cg_interfaces/cg_interfaces/srv/detail/move_cmd__functions.h
[0.347s] -- Up-to-date: /home/inteli/modulo8-p1/install/cg_interfaces/include/cg_interfaces/cg_interfaces/srv/detail/move_cmd__struct.h
[0.347s] -- Up-to-date: /home/inteli/modulo8-p1/install/cg_interfaces/share/cg_interfaces/environment/library_path.sh
[0.347s] -- Up-to-date: /home/inteli/modulo8-p1/install/cg_interfaces/share/cg_interfaces/environment/library_path.dsv
[0.347s] -- Up-to-date: /home/inteli/modulo8-p1/install/cg_interfaces/lib/libcg_interfaces__rosidl_generator_c.so
[0.347s] -- Up-to-date: /home/inteli/modulo8-p1/install/cg_interfaces/include/cg_interfaces/cg_interfaces
[0.347s] -- Up-to-date: /home/inteli/modulo8-p1/install/cg_interfaces/include/cg_interfaces/cg_interfaces/msg
[0.347s] -- Up-to-date: /home/inteli/modulo8-p1/install/cg_interfaces/include/cg_interfaces/cg_interfaces/msg/rosidl_typesupport_fastrtps_c__visibility_control.h
[0.348s] -- Up-to-date: /home/inteli/modulo8-p1/install/cg_interfaces/include/cg_interfaces/cg_interfaces/srv
[0.348s] -- Up-to-date: /home/inteli/modulo8-p1/install/cg_interfaces/include/cg_interfaces/cg_interfaces/srv/detail
[0.348s] -- Up-to-date: /home/inteli/modulo8-p1/install/cg_interfaces/include/cg_interfaces/cg_interfaces/srv/detail/move_cmd__rosidl_typesupport_fastrtps_c.h
[0.348s] -- Up-to-date: /home/inteli/modulo8-p1/install/cg_interfaces/include/cg_interfaces/cg_interfaces/srv/detail/get_map__rosidl_typesupport_fastrtps_c.h
[0.348s] -- Up-to-date: /home/inteli/modulo8-p1/install/cg_interfaces/lib/libcg_interfaces__rosidl_typesupport_fastrtps_c.so
[0.348s] -- Up-to-date: /home/inteli/modulo8-p1/install/cg_interfaces/include/cg_interfaces/cg_interfaces
[0.348s] -- Up-to-date: /home/inteli/modulo8-p1/install/cg_interfaces/include/cg_interfaces/cg_interfaces/msg
[0.348s] -- Up-to-date: /home/inteli/modulo8-p1/install/cg_interfaces/include/cg_interfaces/cg_interfaces/msg/rosidl_typesupport_introspection_c__visibility_control.h
[0.348s] -- Up-to-date: /home/inteli/modulo8-p1/install/cg_interfaces/include/cg_interfaces/cg_interfaces/srv
[0.348s] -- Up-to-date: /home/inteli/modulo8-p1/install/cg_interfaces/include/cg_interfaces/cg_interfaces/srv/detail
[0.348s] -- Up-to-date: /home/inteli/modulo8-p1/install/cg_interfaces/include/cg_interfaces/cg_interfaces/srv/detail/get_map__type_support.c
[0.348s] -- Up-to-date: /home/inteli/modulo8-p1/install/cg_interfaces/include/cg_interfaces/cg_interfaces/srv/detail/get_map__rosidl_typesupport_introspection_c.h
[0.348s] -- Up-to-date: /home/inteli/modulo8-p1/install/cg_interfaces/include/cg_interfaces/cg_interfaces/srv/detail/move_cmd__type_support.c
[0.348s] -- Up-to-date: /home/inteli/modulo8-p1/install/cg_interfaces/include/cg_interfaces/cg_interfaces/srv/detail/move_cmd__rosidl_typesupport_introspection_c.h
[0.348s] -- Up-to-date: /home/inteli/modulo8-p1/install/cg_interfaces/lib/libcg_interfaces__rosidl_typesupport_introspection_c.so
[0.348s] -- Up-to-date: /home/inteli/modulo8-p1/install/cg_interfaces/lib/libcg_interfaces__rosidl_typesupport_c.so
[0.348s] -- Up-to-date: /home/inteli/modulo8-p1/install/cg_interfaces/include/cg_interfaces/cg_interfaces
[0.348s] -- Up-to-date: /home/inteli/modulo8-p1/install/cg_interfaces/include/cg_interfaces/cg_interfaces/srv
[0.348s] -- Up-to-date: /home/inteli/modulo8-p1/install/cg_interfaces/include/cg_interfaces/cg_interfaces/srv/get_map.hpp
[0.348s] -- Up-to-date: /home/inteli/modulo8-p1/install/cg_interfaces/include/cg_interfaces/cg_interfaces/srv/move_cmd.hpp
[0.349s] -- Up-to-date: /home/inteli/modulo8-p1/install/cg_interfaces/include/cg_interfaces/cg_interfaces/srv/detail
[0.349s] -- Up-to-date: /home/inteli/modulo8-p1/install/cg_interfaces/include/cg_interfaces/cg_interfaces/srv/detail/move_cmd__struct.hpp
[0.349s] -- Up-to-date: /home/inteli/modulo8-p1/install/cg_interfaces/include/cg_interfaces/cg_interfaces/srv/detail/get_map__struct.hpp
[0.349s] -- Up-to-date: /home/inteli/modulo8-p1/install/cg_interfaces/include/cg_interfaces/cg_interfaces/srv/detail/get_map__builder.hpp
[0.349s] -- Up-to-date: /home/inteli/modulo8-p1/install/cg_interfaces/include/cg_interfaces/cg_interfaces/srv/detail/move_cmd__traits.hpp
[0.349s] -- Up-to-date: /home/inteli/modulo8-p1/install/cg_interfaces/include/cg_interfaces/cg_interfaces/srv/detail/get_map__traits.hpp
[0.349s] -- Up-to-date: /home/inteli/modulo8-p1/install/cg_interfaces/include/cg_interfaces/cg_interfaces/srv/detail/move_cmd__builder.hpp
[0.349s] -- Up-to-date: /home/inteli/modulo8-p1/install/cg_interfaces/include/cg_interfaces/cg_interfaces
[0.349s] -- Up-to-date: /home/inteli/modulo8-p1/install/cg_interfaces/include/cg_interfaces/cg_interfaces/msg
[0.349s] -- Up-to-date: /home/inteli/modulo8-p1/install/cg_interfaces/include/cg_interfaces/cg_interfaces/msg/rosidl_typesupport_fastrtps_cpp__visibility_control.h
[0.349s] -- Up-to-date: /home/inteli/modulo8-p1/install/cg_interfaces/include/cg_interfaces/cg_interfaces/srv
[0.349s] -- Up-to-date: /home/inteli/modulo8-p1/install/cg_interfaces/include/cg_interfaces/cg_interfaces/srv/detail
[0.349s] -- Up-to-date: /home/inteli/modulo8-p1/install/cg_interfaces/include/cg_interfaces/cg_interfaces/srv/detail/get_map__rosidl_typesupport_fastrtps_cpp.hpp
[0.349s] -- Up-to-date: /home/inteli/modulo8-p1/install/cg_interfaces/include/cg_interfaces/cg_interfaces/srv/detail/move_cmd__rosidl_typesupport_fastrtps_cpp.hpp
[0.349s] -- Up-to-date: /home/inteli/modulo8-p1/install/cg_interfaces/include/cg_interfaces/cg_interfaces/srv/detail/dds_fastrtps
[0.349s] -- Up-to-date: /home/inteli/modulo8-p1/install/cg_interfaces/lib/libcg_interfaces__rosidl_typesupport_fastrtps_cpp.so
[0.349s] -- Up-to-date: /home/inteli/modulo8-p1/install/cg_interfaces/include/cg_interfaces/cg_interfaces
[0.349s] -- Up-to-date: /home/inteli/modulo8-p1/install/cg_interfaces/include/cg_interfaces/cg_interfaces/srv
[0.349s] -- Up-to-date: /home/inteli/modulo8-p1/install/cg_interfaces/include/cg_interfaces/cg_interfaces/srv/detail
[0.349s] -- Up-to-date: /home/inteli/modulo8-p1/install/cg_interfaces/include/cg_interfaces/cg_interfaces/srv/detail/get_map__rosidl_typesupport_introspection_cpp.hpp
[0.349s] -- Up-to-date: /home/inteli/modulo8-p1/install/cg_interfaces/include/cg_interfaces/cg_interfaces/srv/detail/get_map__type_support.cpp
[0.349s] -- Up-to-date: /home/inteli/modulo8-p1/install/cg_interfaces/include/cg_interfaces/cg_interfaces/srv/detail/move_cmd__type_support.cpp
[0.350s] -- Up-to-date: /home/inteli/modulo8-p1/install/cg_interfaces/include/cg_interfaces/cg_interfaces/srv/detail/move_cmd__rosidl_typesupport_introspection_cpp.hpp
[0.350s] -- Up-to-date: /home/inteli/modulo8-p1/install/cg_interfaces/lib/libcg_interfaces__rosidl_typesupport_introspection_cpp.so
[0.350s] -- Up-to-date: /home/inteli/modulo8-p1/install/cg_interfaces/lib/libcg_interfaces__rosidl_typesupport_cpp.so
[0.350s] -- Up-to-date: /home/inteli/modulo8-p1/install/cg_interfaces/share/cg_interfaces/environment/pythonpath.sh
[0.350s] -- Up-to-date: /home/inteli/modulo8-p1/install/cg_interfaces/share/cg_interfaces/environment/pythonpath.dsv
[0.350s] -- Up-to-date: /home/inteli/modulo8-p1/install/cg_interfaces/local/lib/python3.10/dist-packages/cg_interfaces-0.0.0-py3.10.egg-info
[0.350s] -- Installing: /home/inteli/modulo8-p1/install/cg_interfaces/local/lib/python3.10/dist-packages/cg_interfaces-0.0.0-py3.10.egg-info/SOURCES.txt
[0.350s] -- Installing: /home/inteli/modulo8-p1/install/cg_interfaces/local/lib/python3.10/dist-packages/cg_interfaces-0.0.0-py3.10.egg-info/PKG-INFO
[0.350s] -- Installing: /home/inteli/modulo8-p1/install/cg_interfaces/local/lib/python3.10/dist-packages/cg_interfaces-0.0.0-py3.10.egg-info/top_level.txt
[0.350s] -- Installing: /home/inteli/modulo8-p1/install/cg_interfaces/local/lib/python3.10/dist-packages/cg_interfaces-0.0.0-py3.10.egg-info/dependency_links.txt
[0.350s] -- Up-to-date: /home/inteli/modulo8-p1/install/cg_interfaces/local/lib/python3.10/dist-packages/cg_interfaces
[0.350s] -- Up-to-date: /home/inteli/modulo8-p1/install/cg_interfaces/local/lib/python3.10/dist-packages/cg_interfaces/_cg_interfaces_s.ep.rosidl_typesupport_introspection_c.c
[0.350s] -- Up-to-date: /home/inteli/modulo8-p1/install/cg_interfaces/local/lib/python3.10/dist-packages/cg_interfaces/_cg_interfaces_s.ep.rosidl_typesupport_fastrtps_c.c
[0.350s] -- Up-to-date: /home/inteli/modulo8-p1/install/cg_interfaces/local/lib/python3.10/dist-packages/cg_interfaces/_cg_interfaces_s.ep.rosidl_typesupport_c.c
[0.350s] -- Up-to-date: /home/inteli/modulo8-p1/install/cg_interfaces/local/lib/python3.10/dist-packages/cg_interfaces/cg_interfaces_s__rosidl_typesupport_fastrtps_c.cpython-310-x86_64-linux-gnu.so
[0.350s] -- Up-to-date: /home/inteli/modulo8-p1/install/cg_interfaces/local/lib/python3.10/dist-packages/cg_interfaces/cg_interfaces_s__rosidl_typesupport_introspection_c.cpython-310-x86_64-linux-gnu.so
[0.350s] -- Up-to-date: /home/inteli/modulo8-p1/install/cg_interfaces/local/lib/python3.10/dist-packages/cg_interfaces/cg_interfaces_s__rosidl_typesupport_c.cpython-310-x86_64-linux-gnu.so
[0.350s] -- Up-to-date: /home/inteli/modulo8-p1/install/cg_interfaces/local/lib/python3.10/dist-packages/cg_interfaces/libcg_interfaces__rosidl_generator_py.so
[0.350s] -- Up-to-date: /home/inteli/modulo8-p1/install/cg_interfaces/local/lib/python3.10/dist-packages/cg_interfaces/__init__.py
[0.350s] -- Up-to-date: /home/inteli/modulo8-p1/install/cg_interfaces/local/lib/python3.10/dist-packages/cg_interfaces/srv
[0.350s] -- Up-to-date: /home/inteli/modulo8-p1/install/cg_interfaces/local/lib/python3.10/dist-packages/cg_interfaces/srv/_get_map.py
[0.350s] -- Up-to-date: /home/inteli/modulo8-p1/install/cg_interfaces/local/lib/python3.10/dist-packages/cg_interfaces/srv/_move_cmd_s.c
[0.350s] -- Up-to-date: /home/inteli/modulo8-p1/install/cg_interfaces/local/lib/python3.10/dist-packages/cg_interfaces/srv/_move_cmd.py
[0.351s] -- Up-to-date: /home/inteli/modulo8-p1/install/cg_interfaces/local/lib/python3.10/dist-packages/cg_interfaces/srv/__init__.py
[0.351s] -- Up-to-date: /home/inteli/modulo8-p1/install/cg_interfaces/local/lib/python3.10/dist-packages/cg_interfaces/srv/_get_map_s.c
[0.372s] Listing '/home/inteli/modulo8-p1/install/cg_interfaces/local/lib/python3.10/dist-packages/cg_interfaces'...
[0.372s] Listing '/home/inteli/modulo8-p1/install/cg_interfaces/local/lib/python3.10/dist-packages/cg_interfaces/srv'...
[0.375s] -- Up-to-date: /home/inteli/modulo8-p1/install/cg_interfaces/local/lib/python3.10/dist-packages/cg_interfaces/cg_interfaces_s__rosidl_typesupport_fastrtps_c.cpython-310-x86_64-linux-gnu.so
[0.376s] -- Up-to-date: /home/inteli/modulo8-p1/install/cg_interfaces/local/lib/python3.10/dist-packages/cg_interfaces/cg_interfaces_s__rosidl_typesupport_introspection_c.cpython-310-x86_64-linux-gnu.so
[0.376s] -- Up-to-date: /home/inteli/modulo8-p1/install/cg_interfaces/local/lib/python3.10/dist-packages/cg_interfaces/cg_interfaces_s__rosidl_typesupport_c.cpython-310-x86_64-linux-gnu.so
[0.376s] -- Up-to-date: /home/inteli/modulo8-p1/install/cg_interfaces/lib/libcg_interfaces__rosidl_generator_py.so
[0.376s] -- Up-to-date: /home/inteli/modulo8-p1/install/cg_interfaces/share/cg_interfaces/srv/MoveCmd.idl
[0.376s] -- Up-to-date: /home/inteli/modulo8-p1/install/cg_interfaces/share/cg_interfaces/srv/GetMap.idl
[0.376s] -- Up-to-date: /home/inteli/modulo8-p1/install/cg_interfaces/share/cg_interfaces/srv/MoveCmd.srv
[0.376s] -- Up-to-date: /home/inteli/modulo8-p1/install/cg_interfaces/share/cg_interfaces/srv/MoveCmd_Request.msg
[0.376s] -- Up-to-date: /home/inteli/modulo8-p1/install/cg_interfaces/share/cg_interfaces/srv/MoveCmd_Response.msg
[0.376s] -- Up-to-date: /home/inteli/modulo8-p1/install/cg_interfaces/share/cg_interfaces/srv/GetMap.srv
[0.376s] -- Up-to-date: /home/inteli/modulo8-p1/install/cg_interfaces/share/cg_interfaces/srv/GetMap_Request.msg
[0.376s] -- Up-to-date: /home/inteli/modulo8-p1/install/cg_interfaces/share/cg_interfaces/srv/GetMap_Response.msg
[0.376s] -- Up-to-date: /home/inteli/modulo8-p1/install/cg_interfaces/share/ament_index/resource_index/package_run_dependencies/cg_interfaces
[0.376s] -- Up-to-date: /home/inteli/modulo8-p1/install/cg_interfaces/share/ament_index/resource_index/parent_prefix_path/cg_interfaces
[0.376s] -- Up-to-date: /home/inteli/modulo8-p1/install/cg_interfaces/share/cg_interfaces/environment/ament_prefix_path.sh
[0.377s] -- Up-to-date: /home/inteli/modulo8-p1/install/cg_interfaces/share/cg_interfaces/environment/ament_prefix_path.dsv
[0.377s] -- Up-to-date: /home/inteli/modulo8-p1/install/cg_interfaces/share/cg_interfaces/environment/path.sh
[0.377s] -- Up-to-date: /home/inteli/modulo8-p1/install/cg_interfaces/share/cg_interfaces/environment/path.dsv
[0.377s] -- Up-to-date: /home/inteli/modulo8-p1/install/cg_interfaces/share/cg_interfaces/local_setup.bash
[0.377s] -- Up-to-date: /home/inteli/modulo8-p1/install/cg_interfaces/share/cg_interfaces/local_setup.sh
[0.377s] -- Up-to-date: /home/inteli/modulo8-p1/install/cg_interfaces/share/cg_interfaces/local_setup.zsh
[0.377s] -- Up-to-date: /home/inteli/modulo8-p1/install/cg_interfaces/share/cg_interfaces/local_setup.dsv
[0.377s] -- Installing: /home/inteli/modulo8-p1/install/cg_interfaces/share/cg_interfaces/package.dsv
[0.377s] -- Up-to-date: /home/inteli/modulo8-p1/install/cg_interfaces/share/ament_index/resource_index/packages/cg_interfaces
[0.377s] -- Up-to-date: /home/inteli/modulo8-p1/install/cg_interfaces/share/cg_interfaces/cmake/export_cg_interfaces__rosidl_generator_cExport.cmake
[0.377s] -- Up-to-date: /home/inteli/modulo8-p1/install/cg_interfaces/share/cg_interfaces/cmake/export_cg_interfaces__rosidl_generator_cExport-noconfig.cmake
[0.377s] -- Up-to-date: /home/inteli/modulo8-p1/install/cg_interfaces/share/cg_interfaces/cmake/export_cg_interfaces__rosidl_typesupport_fastrtps_cExport.cmake
[0.377s] -- Up-to-date: /home/inteli/modulo8-p1/install/cg_interfaces/share/cg_interfaces/cmake/export_cg_interfaces__rosidl_typesupport_fastrtps_cExport-noconfig.cmake
[0.377s] -- Up-to-date: /home/inteli/modulo8-p1/install/cg_interfaces/share/cg_interfaces/cmake/cg_interfaces__rosidl_typesupport_introspection_cExport.cmake
[0.377s] -- Up-to-date: /home/inteli/modulo8-p1/install/cg_interfaces/share/cg_interfaces/cmake/cg_interfaces__rosidl_typesupport_introspection_cExport-noconfig.cmake
[0.377s] -- Up-to-date: /home/inteli/modulo8-p1/install/cg_interfaces/share/cg_interfaces/cmake/cg_interfaces__rosidl_typesupport_cExport.cmake
[0.377s] -- Up-to-date: /home/inteli/modulo8-p1/install/cg_interfaces/share/cg_interfaces/cmake/cg_interfaces__rosidl_typesupport_cExport-noconfig.cmake
[0.377s] -- Up-to-date: /home/inteli/modulo8-p1/install/cg_interfaces/share/cg_interfaces/cmake/export_cg_interfaces__rosidl_generator_cppExport.cmake
[0.377s] -- Up-to-date: /home/inteli/modulo8-p1/install/cg_interfaces/share/cg_interfaces/cmake/export_cg_interfaces__rosidl_typesupport_fastrtps_cppExport.cmake
[0.377s] -- Up-to-date: /home/inteli/modulo8-p1/install/cg_interfaces/share/cg_interfaces/cmake/export_cg_interfaces__rosidl_typesupport_fastrtps_cppExport-noconfig.cmake
[0.377s] -- Up-to-date: /home/inteli/modulo8-p1/install/cg_interfaces/share/cg_interfaces/cmake/cg_interfaces__rosidl_typesupport_introspection_cppExport.cmake
[0.378s] -- Up-to-date: /home/inteli/modulo8-p1/install/cg_interfaces/share/cg_interfaces/cmake/cg_interfaces__rosidl_typesupport_introspection_cppExport-noconfig.cmake
[0.378s] -- Up-to-date: /home/inteli/modulo8-p1/install/cg_interfaces/share/cg_interfaces/cmake/cg_interfaces__rosidl_typesupport_cppExport.cmake
[0.378s] -- Up-to-date: /home/inteli/modulo8-p1/install/cg_interfaces/share/cg_interfaces/cmake/cg_interfaces__rosidl_typesupport_cppExport-noconfig.cmake
[0.378s] -- Up-to-date: /home/inteli/modulo8-p1/install/cg_interfaces/share/cg_interfaces/cmake/export_cg_interfaces__rosidl_generator_pyExport.cmake
[0.378s] -- Up-to-date: /home/inteli/modulo8-p1/install/cg_interfaces/share/cg_interfaces/cmake/export_cg_interfaces__rosidl_generator_pyExport-noconfig.cmake
[0.378s] -- Up-to-date: /home/inteli/modulo8-p1/install/cg_interfaces/share/cg_interfaces/cmake/rosidl_cmake-extras.cmake
[0.378s] -- Up-to-date: /home/inteli/modulo8-p1/install/cg_interfaces/share/cg_interfaces/cmake/ament_cmake_export_include_directories-extras.cmake
[0.378s] -- Up-to-date: /home/inteli/modulo8-p1/install/cg_interfaces/share/cg_interfaces/cmake/ament_cmake_export_libraries-extras.cmake
[0.378s] -- Up-to-date: /home/inteli/modulo8-p1/install/cg_interfaces/share/cg_interfaces/cmake/ament_cmake_export_targets-extras.cmake
[0.378s] -- Up-to-date: /home/inteli/modulo8-p1/install/cg_interfaces/share/cg_interfaces/cmake/rosidl_cmake_export_typesupport_targets-extras.cmake
[0.378s] -- Up-to-date: /home/inteli/modulo8-p1/install/cg_interfaces/share/cg_interfaces/cmake/ament_cmake_export_dependencies-extras.cmake
[0.378s] -- Up-to-date: /home/inteli/modulo8-p1/install/cg_interfaces/share/cg_interfaces/cmake/rosidl_cmake_export_typesupport_libraries-extras.cmake
[0.378s] -- Up-to-date: /home/inteli/modulo8-p1/install/cg_interfaces/share/cg_interfaces/cmake/cg_interfacesConfig.cmake
[0.378s] -- Up-to-date: /home/inteli/modulo8-p1/install/cg_interfaces/share/cg_interfaces/cmake/cg_interfacesConfig-version.cmake
[0.378s] -- Up-to-date: /home/inteli/modulo8-p1/install/cg_interfaces/share/cg_interfaces/package.xml
[0.380s] Invoked command in '/home/inteli/modulo8-p1/build/cg_interfaces' returned '0': CMAKE_PREFIX_PATH=${CMAKE_PREFIX_PATH}:/home/inteli/modulo8-p1/install/cg:/opt/ros/humble /usr/bin/cmake --install /home/inteli/modulo8-p1/build/cg_interfaces
