[35m[1mConsolidate compiler generated dependencies of target cg_interfaces__rosidl_generator_c[0m
[  2%] Built target cg_interfaces__cpp
[  2%] Built target ament_cmake_python_copy_cg_interfaces
[35m[1mConsolidate compiler generated dependencies of target cg_interfaces__rosidl_typesupport_cpp[0m
[35m[1mConsolidate compiler generated dependencies of target cg_interfaces__rosidl_typesupport_fastrtps_cpp[0m
[35m[1mConsolidate compiler generated dependencies of target cg_interfaces__rosidl_typesupport_introspection_cpp[0m
[ 12%] Built target cg_interfaces__rosidl_generator_c
[35m[1mConsolidate compiler generated dependencies of target cg_interfaces__rosidl_typesupport_c[0m
[35m[1mConsolidate compiler generated dependencies of target cg_interfaces__rosidl_typesupport_fastrtps_c[0m
[35m[1mConsolidate compiler generated dependencies of target cg_interfaces__rosidl_typesupport_introspection_c[0m
[ 23%] Built target cg_interfaces__rosidl_typesupport_cpp
[ 33%] Built target cg_interfaces__rosidl_typesupport_fastrtps_cpp
[ 43%] Built target cg_interfaces__rosidl_typesupport_introspection_cpp
[ 53%] Built target cg_interfaces__rosidl_typesupport_fastrtps_c
[ 64%] Built target cg_interfaces__rosidl_typesupport_introspection_c
running egg_info
writing cg_interfaces.egg-info/PKG-INFO
[ 74%] Built target cg_interfaces__rosidl_typesupport_c
[ 74%] Built target cg_interfaces
[ 76%] Built target cg_interfaces__py
[35m[1mConsolidate compiler generated dependencies of target cg_interfaces__rosidl_generator_py[0m
[ 84%] Built target cg_interfaces__rosidl_generator_py
[35m[1mConsolidate compiler generated dependencies of target cg_interfaces__rosidl_typesupport_fastrtps_c__pyext[0m
[35m[1mConsolidate compiler generated dependencies of target cg_interfaces__rosidl_typesupport_introspection_c__pyext[0m
[35m[1mConsolidate compiler generated dependencies of target cg_interfaces__rosidl_typesupport_c__pyext[0m
writing dependency_links to cg_interfaces.egg-info/dependency_links.txt
[ 89%] Built target cg_interfaces__rosidl_typesupport_introspection_c__pyext
[ 94%] Built target cg_interfaces__rosidl_typesupport_fastrtps_c__pyext
writing top-level names to cg_interfaces.egg-info/top_level.txt
reading manifest file 'cg_interfaces.egg-info/SOURCES.txt'
writing manifest file 'cg_interfaces.egg-info/SOURCES.txt'
[ 94%] Built target ament_cmake_python_build_cg_interfaces_egg
[100%] Built target cg_interfaces__rosidl_typesupport_c__pyext
-- Install configuration: ""
-- Up-to-date: /home/inteli/modulo8-p1/cg/install/cg_interfaces/share/ament_index/resource_index/rosidl_interfaces/cg_interfaces
-- Up-to-date: /home/inteli/modulo8-p1/cg/install/cg_interfaces/include/cg_interfaces/cg_interfaces
-- Up-to-date: /home/inteli/modulo8-p1/cg/install/cg_interfaces/include/cg_interfaces/cg_interfaces/msg
-- Up-to-date: /home/inteli/modulo8-p1/cg/install/cg_interfaces/include/cg_interfaces/cg_interfaces/msg/rosidl_generator_c__visibility_control.h
-- Up-to-date: /home/inteli/modulo8-p1/cg/install/cg_interfaces/include/cg_interfaces/cg_interfaces/srv
-- Up-to-date: /home/inteli/modulo8-p1/cg/install/cg_interfaces/include/cg_interfaces/cg_interfaces/srv/get_map.h
-- Up-to-date: /home/inteli/modulo8-p1/cg/install/cg_interfaces/include/cg_interfaces/cg_interfaces/srv/move_cmd.h
-- Up-to-date: /home/inteli/modulo8-p1/cg/install/cg_interfaces/include/cg_interfaces/cg_interfaces/srv/detail
-- Up-to-date: /home/inteli/modulo8-p1/cg/install/cg_interfaces/include/cg_interfaces/cg_interfaces/srv/detail/move_cmd__type_support.h
-- Up-to-date: /home/inteli/modulo8-p1/cg/install/cg_interfaces/include/cg_interfaces/cg_interfaces/srv/detail/get_map__type_support.h
-- Up-to-date: /home/inteli/modulo8-p1/cg/install/cg_interfaces/include/cg_interfaces/cg_interfaces/srv/detail/get_map__struct.h
-- Up-to-date: /home/inteli/modulo8-p1/cg/install/cg_interfaces/include/cg_interfaces/cg_interfaces/srv/detail/move_cmd__functions.c
-- Up-to-date: /home/inteli/modulo8-p1/cg/install/cg_interfaces/include/cg_interfaces/cg_interfaces/srv/detail/get_map__functions.h
-- Up-to-date: /home/inteli/modulo8-p1/cg/install/cg_interfaces/include/cg_interfaces/cg_interfaces/srv/detail/get_map__functions.c
-- Up-to-date: /home/inteli/modulo8-p1/cg/install/cg_interfaces/include/cg_interfaces/cg_interfaces/srv/detail/move_cmd__functions.h
-- Up-to-date: /home/inteli/modulo8-p1/cg/install/cg_interfaces/include/cg_interfaces/cg_interfaces/srv/detail/move_cmd__struct.h
-- Up-to-date: /home/inteli/modulo8-p1/cg/install/cg_interfaces/share/cg_interfaces/environment/library_path.sh
-- Up-to-date: /home/inteli/modulo8-p1/cg/install/cg_interfaces/share/cg_interfaces/environment/library_path.dsv
-- Up-to-date: /home/inteli/modulo8-p1/cg/install/cg_interfaces/lib/libcg_interfaces__rosidl_generator_c.so
-- Up-to-date: /home/inteli/modulo8-p1/cg/install/cg_interfaces/include/cg_interfaces/cg_interfaces
-- Up-to-date: /home/inteli/modulo8-p1/cg/install/cg_interfaces/include/cg_interfaces/cg_interfaces/msg
-- Up-to-date: /home/inteli/modulo8-p1/cg/install/cg_interfaces/include/cg_interfaces/cg_interfaces/msg/rosidl_typesupport_fastrtps_c__visibility_control.h
-- Up-to-date: /home/inteli/modulo8-p1/cg/install/cg_interfaces/include/cg_interfaces/cg_interfaces/srv
-- Up-to-date: /home/inteli/modulo8-p1/cg/install/cg_interfaces/include/cg_interfaces/cg_interfaces/srv/detail
-- Up-to-date: /home/inteli/modulo8-p1/cg/install/cg_interfaces/include/cg_interfaces/cg_interfaces/srv/detail/move_cmd__rosidl_typesupport_fastrtps_c.h
-- Up-to-date: /home/inteli/modulo8-p1/cg/install/cg_interfaces/include/cg_interfaces/cg_interfaces/srv/detail/get_map__rosidl_typesupport_fastrtps_c.h
-- Up-to-date: /home/inteli/modulo8-p1/cg/install/cg_interfaces/lib/libcg_interfaces__rosidl_typesupport_fastrtps_c.so
-- Up-to-date: /home/inteli/modulo8-p1/cg/install/cg_interfaces/include/cg_interfaces/cg_interfaces
-- Up-to-date: /home/inteli/modulo8-p1/cg/install/cg_interfaces/include/cg_interfaces/cg_interfaces/msg
-- Up-to-date: /home/inteli/modulo8-p1/cg/install/cg_interfaces/include/cg_interfaces/cg_interfaces/msg/rosidl_typesupport_introspection_c__visibility_control.h
-- Up-to-date: /home/inteli/modulo8-p1/cg/install/cg_interfaces/include/cg_interfaces/cg_interfaces/srv
-- Up-to-date: /home/inteli/modulo8-p1/cg/install/cg_interfaces/include/cg_interfaces/cg_interfaces/srv/detail
-- Up-to-date: /home/inteli/modulo8-p1/cg/install/cg_interfaces/include/cg_interfaces/cg_interfaces/srv/detail/get_map__type_support.c
-- Up-to-date: /home/inteli/modulo8-p1/cg/install/cg_interfaces/include/cg_interfaces/cg_interfaces/srv/detail/get_map__rosidl_typesupport_introspection_c.h
-- Up-to-date: /home/inteli/modulo8-p1/cg/install/cg_interfaces/include/cg_interfaces/cg_interfaces/srv/detail/move_cmd__type_support.c
-- Up-to-date: /home/inteli/modulo8-p1/cg/install/cg_interfaces/include/cg_interfaces/cg_interfaces/srv/detail/move_cmd__rosidl_typesupport_introspection_c.h
-- Up-to-date: /home/inteli/modulo8-p1/cg/install/cg_interfaces/lib/libcg_interfaces__rosidl_typesupport_introspection_c.so
-- Up-to-date: /home/inteli/modulo8-p1/cg/install/cg_interfaces/lib/libcg_interfaces__rosidl_typesupport_c.so
-- Up-to-date: /home/inteli/modulo8-p1/cg/install/cg_interfaces/include/cg_interfaces/cg_interfaces
-- Up-to-date: /home/inteli/modulo8-p1/cg/install/cg_interfaces/include/cg_interfaces/cg_interfaces/srv
-- Up-to-date: /home/inteli/modulo8-p1/cg/install/cg_interfaces/include/cg_interfaces/cg_interfaces/srv/get_map.hpp
-- Up-to-date: /home/inteli/modulo8-p1/cg/install/cg_interfaces/include/cg_interfaces/cg_interfaces/srv/move_cmd.hpp
-- Up-to-date: /home/inteli/modulo8-p1/cg/install/cg_interfaces/include/cg_interfaces/cg_interfaces/srv/detail
-- Up-to-date: /home/inteli/modulo8-p1/cg/install/cg_interfaces/include/cg_interfaces/cg_interfaces/srv/detail/move_cmd__struct.hpp
-- Up-to-date: /home/inteli/modulo8-p1/cg/install/cg_interfaces/include/cg_interfaces/cg_interfaces/srv/detail/get_map__struct.hpp
-- Up-to-date: /home/inteli/modulo8-p1/cg/install/cg_interfaces/include/cg_interfaces/cg_interfaces/srv/detail/get_map__builder.hpp
-- Up-to-date: /home/inteli/modulo8-p1/cg/install/cg_interfaces/include/cg_interfaces/cg_interfaces/srv/detail/move_cmd__traits.hpp
-- Up-to-date: /home/inteli/modulo8-p1/cg/install/cg_interfaces/include/cg_interfaces/cg_interfaces/srv/detail/get_map__traits.hpp
-- Up-to-date: /home/inteli/modulo8-p1/cg/install/cg_interfaces/include/cg_interfaces/cg_interfaces/srv/detail/move_cmd__builder.hpp
-- Up-to-date: /home/inteli/modulo8-p1/cg/install/cg_interfaces/include/cg_interfaces/cg_interfaces
-- Up-to-date: /home/inteli/modulo8-p1/cg/install/cg_interfaces/include/cg_interfaces/cg_interfaces/msg
-- Up-to-date: /home/inteli/modulo8-p1/cg/install/cg_interfaces/include/cg_interfaces/cg_interfaces/msg/rosidl_typesupport_fastrtps_cpp__visibility_control.h
-- Up-to-date: /home/inteli/modulo8-p1/cg/install/cg_interfaces/include/cg_interfaces/cg_interfaces/srv
-- Up-to-date: /home/inteli/modulo8-p1/cg/install/cg_interfaces/include/cg_interfaces/cg_interfaces/srv/detail
-- Up-to-date: /home/inteli/modulo8-p1/cg/install/cg_interfaces/include/cg_interfaces/cg_interfaces/srv/detail/get_map__rosidl_typesupport_fastrtps_cpp.hpp
-- Up-to-date: /home/inteli/modulo8-p1/cg/install/cg_interfaces/include/cg_interfaces/cg_interfaces/srv/detail/move_cmd__rosidl_typesupport_fastrtps_cpp.hpp
-- Up-to-date: /home/inteli/modulo8-p1/cg/install/cg_interfaces/include/cg_interfaces/cg_interfaces/srv/detail/dds_fastrtps
-- Up-to-date: /home/inteli/modulo8-p1/cg/install/cg_interfaces/lib/libcg_interfaces__rosidl_typesupport_fastrtps_cpp.so
-- Up-to-date: /home/inteli/modulo8-p1/cg/install/cg_interfaces/include/cg_interfaces/cg_interfaces
-- Up-to-date: /home/inteli/modulo8-p1/cg/install/cg_interfaces/include/cg_interfaces/cg_interfaces/srv
-- Up-to-date: /home/inteli/modulo8-p1/cg/install/cg_interfaces/include/cg_interfaces/cg_interfaces/srv/detail
-- Up-to-date: /home/inteli/modulo8-p1/cg/install/cg_interfaces/include/cg_interfaces/cg_interfaces/srv/detail/get_map__rosidl_typesupport_introspection_cpp.hpp
-- Up-to-date: /home/inteli/modulo8-p1/cg/install/cg_interfaces/include/cg_interfaces/cg_interfaces/srv/detail/get_map__type_support.cpp
-- Up-to-date: /home/inteli/modulo8-p1/cg/install/cg_interfaces/include/cg_interfaces/cg_interfaces/srv/detail/move_cmd__type_support.cpp
-- Up-to-date: /home/inteli/modulo8-p1/cg/install/cg_interfaces/include/cg_interfaces/cg_interfaces/srv/detail/move_cmd__rosidl_typesupport_introspection_cpp.hpp
-- Up-to-date: /home/inteli/modulo8-p1/cg/install/cg_interfaces/lib/libcg_interfaces__rosidl_typesupport_introspection_cpp.so
-- Up-to-date: /home/inteli/modulo8-p1/cg/install/cg_interfaces/lib/libcg_interfaces__rosidl_typesupport_cpp.so
-- Up-to-date: /home/inteli/modulo8-p1/cg/install/cg_interfaces/share/cg_interfaces/environment/pythonpath.sh
-- Up-to-date: /home/inteli/modulo8-p1/cg/install/cg_interfaces/share/cg_interfaces/environment/pythonpath.dsv
-- Up-to-date: /home/inteli/modulo8-p1/cg/install/cg_interfaces/local/lib/python3.10/dist-packages/cg_interfaces-0.0.0-py3.10.egg-info
-- Installing: /home/inteli/modulo8-p1/cg/install/cg_interfaces/local/lib/python3.10/dist-packages/cg_interfaces-0.0.0-py3.10.egg-info/SOURCES.txt
-- Installing: /home/inteli/modulo8-p1/cg/install/cg_interfaces/local/lib/python3.10/dist-packages/cg_interfaces-0.0.0-py3.10.egg-info/PKG-INFO
-- Installing: /home/inteli/modulo8-p1/cg/install/cg_interfaces/local/lib/python3.10/dist-packages/cg_interfaces-0.0.0-py3.10.egg-info/top_level.txt
-- Installing: /home/inteli/modulo8-p1/cg/install/cg_interfaces/local/lib/python3.10/dist-packages/cg_interfaces-0.0.0-py3.10.egg-info/dependency_links.txt
-- Up-to-date: /home/inteli/modulo8-p1/cg/install/cg_interfaces/local/lib/python3.10/dist-packages/cg_interfaces
-- Up-to-date: /home/inteli/modulo8-p1/cg/install/cg_interfaces/local/lib/python3.10/dist-packages/cg_interfaces/_cg_interfaces_s.ep.rosidl_typesupport_introspection_c.c
-- Up-to-date: /home/inteli/modulo8-p1/cg/install/cg_interfaces/local/lib/python3.10/dist-packages/cg_interfaces/_cg_interfaces_s.ep.rosidl_typesupport_fastrtps_c.c
-- Up-to-date: /home/inteli/modulo8-p1/cg/install/cg_interfaces/local/lib/python3.10/dist-packages/cg_interfaces/_cg_interfaces_s.ep.rosidl_typesupport_c.c
-- Up-to-date: /home/inteli/modulo8-p1/cg/install/cg_interfaces/local/lib/python3.10/dist-packages/cg_interfaces/cg_interfaces_s__rosidl_typesupport_fastrtps_c.cpython-310-x86_64-linux-gnu.so
-- Up-to-date: /home/inteli/modulo8-p1/cg/install/cg_interfaces/local/lib/python3.10/dist-packages/cg_interfaces/cg_interfaces_s__rosidl_typesupport_introspection_c.cpython-310-x86_64-linux-gnu.so
-- Up-to-date: /home/inteli/modulo8-p1/cg/install/cg_interfaces/local/lib/python3.10/dist-packages/cg_interfaces/cg_interfaces_s__rosidl_typesupport_c.cpython-310-x86_64-linux-gnu.so
-- Up-to-date: /home/inteli/modulo8-p1/cg/install/cg_interfaces/local/lib/python3.10/dist-packages/cg_interfaces/libcg_interfaces__rosidl_generator_py.so
-- Up-to-date: /home/inteli/modulo8-p1/cg/install/cg_interfaces/local/lib/python3.10/dist-packages/cg_interfaces/__init__.py
-- Up-to-date: /home/inteli/modulo8-p1/cg/install/cg_interfaces/local/lib/python3.10/dist-packages/cg_interfaces/srv
-- Up-to-date: /home/inteli/modulo8-p1/cg/install/cg_interfaces/local/lib/python3.10/dist-packages/cg_interfaces/srv/_get_map.py
-- Up-to-date: /home/inteli/modulo8-p1/cg/install/cg_interfaces/local/lib/python3.10/dist-packages/cg_interfaces/srv/_move_cmd_s.c
-- Up-to-date: /home/inteli/modulo8-p1/cg/install/cg_interfaces/local/lib/python3.10/dist-packages/cg_interfaces/srv/_move_cmd.py
-- Up-to-date: /home/inteli/modulo8-p1/cg/install/cg_interfaces/local/lib/python3.10/dist-packages/cg_interfaces/srv/__init__.py
-- Up-to-date: /home/inteli/modulo8-p1/cg/install/cg_interfaces/local/lib/python3.10/dist-packages/cg_interfaces/srv/_get_map_s.c
Listing '/home/inteli/modulo8-p1/cg/install/cg_interfaces/local/lib/python3.10/dist-packages/cg_interfaces'...
Listing '/home/inteli/modulo8-p1/cg/install/cg_interfaces/local/lib/python3.10/dist-packages/cg_interfaces/srv'...
-- Up-to-date: /home/inteli/modulo8-p1/cg/install/cg_interfaces/local/lib/python3.10/dist-packages/cg_interfaces/cg_interfaces_s__rosidl_typesupport_fastrtps_c.cpython-310-x86_64-linux-gnu.so
-- Up-to-date: /home/inteli/modulo8-p1/cg/install/cg_interfaces/local/lib/python3.10/dist-packages/cg_interfaces/cg_interfaces_s__rosidl_typesupport_introspection_c.cpython-310-x86_64-linux-gnu.so
-- Up-to-date: /home/inteli/modulo8-p1/cg/install/cg_interfaces/local/lib/python3.10/dist-packages/cg_interfaces/cg_interfaces_s__rosidl_typesupport_c.cpython-310-x86_64-linux-gnu.so
-- Up-to-date: /home/inteli/modulo8-p1/cg/install/cg_interfaces/lib/libcg_interfaces__rosidl_generator_py.so
-- Up-to-date: /home/inteli/modulo8-p1/cg/install/cg_interfaces/share/cg_interfaces/srv/MoveCmd.idl
-- Up-to-date: /home/inteli/modulo8-p1/cg/install/cg_interfaces/share/cg_interfaces/srv/GetMap.idl
-- Up-to-date: /home/inteli/modulo8-p1/cg/install/cg_interfaces/share/cg_interfaces/srv/MoveCmd.srv
-- Up-to-date: /home/inteli/modulo8-p1/cg/install/cg_interfaces/share/cg_interfaces/srv/MoveCmd_Request.msg
-- Up-to-date: /home/inteli/modulo8-p1/cg/install/cg_interfaces/share/cg_interfaces/srv/MoveCmd_Response.msg
-- Up-to-date: /home/inteli/modulo8-p1/cg/install/cg_interfaces/share/cg_interfaces/srv/GetMap.srv
-- Up-to-date: /home/inteli/modulo8-p1/cg/install/cg_interfaces/share/cg_interfaces/srv/GetMap_Request.msg
-- Up-to-date: /home/inteli/modulo8-p1/cg/install/cg_interfaces/share/cg_interfaces/srv/GetMap_Response.msg
-- Up-to-date: /home/inteli/modulo8-p1/cg/install/cg_interfaces/share/ament_index/resource_index/package_run_dependencies/cg_interfaces
-- Up-to-date: /home/inteli/modulo8-p1/cg/install/cg_interfaces/share/ament_index/resource_index/parent_prefix_path/cg_interfaces
-- Up-to-date: /home/inteli/modulo8-p1/cg/install/cg_interfaces/share/cg_interfaces/environment/ament_prefix_path.sh
-- Up-to-date: /home/inteli/modulo8-p1/cg/install/cg_interfaces/share/cg_interfaces/environment/ament_prefix_path.dsv
-- Up-to-date: /home/inteli/modulo8-p1/cg/install/cg_interfaces/share/cg_interfaces/environment/path.sh
-- Up-to-date: /home/inteli/modulo8-p1/cg/install/cg_interfaces/share/cg_interfaces/environment/path.dsv
-- Up-to-date: /home/inteli/modulo8-p1/cg/install/cg_interfaces/share/cg_interfaces/local_setup.bash
-- Up-to-date: /home/inteli/modulo8-p1/cg/install/cg_interfaces/share/cg_interfaces/local_setup.sh
-- Up-to-date: /home/inteli/modulo8-p1/cg/install/cg_interfaces/share/cg_interfaces/local_setup.zsh
-- Up-to-date: /home/inteli/modulo8-p1/cg/install/cg_interfaces/share/cg_interfaces/local_setup.dsv
-- Installing: /home/inteli/modulo8-p1/cg/install/cg_interfaces/share/cg_interfaces/package.dsv
-- Up-to-date: /home/inteli/modulo8-p1/cg/install/cg_interfaces/share/ament_index/resource_index/packages/cg_interfaces
-- Up-to-date: /home/inteli/modulo8-p1/cg/install/cg_interfaces/share/cg_interfaces/cmake/export_cg_interfaces__rosidl_generator_cExport.cmake
-- Up-to-date: /home/inteli/modulo8-p1/cg/install/cg_interfaces/share/cg_interfaces/cmake/export_cg_interfaces__rosidl_generator_cExport-noconfig.cmake
-- Up-to-date: /home/inteli/modulo8-p1/cg/install/cg_interfaces/share/cg_interfaces/cmake/export_cg_interfaces__rosidl_typesupport_fastrtps_cExport.cmake
-- Up-to-date: /home/inteli/modulo8-p1/cg/install/cg_interfaces/share/cg_interfaces/cmake/export_cg_interfaces__rosidl_typesupport_fastrtps_cExport-noconfig.cmake
-- Up-to-date: /home/inteli/modulo8-p1/cg/install/cg_interfaces/share/cg_interfaces/cmake/cg_interfaces__rosidl_typesupport_introspection_cExport.cmake
-- Up-to-date: /home/inteli/modulo8-p1/cg/install/cg_interfaces/share/cg_interfaces/cmake/cg_interfaces__rosidl_typesupport_introspection_cExport-noconfig.cmake
-- Up-to-date: /home/inteli/modulo8-p1/cg/install/cg_interfaces/share/cg_interfaces/cmake/cg_interfaces__rosidl_typesupport_cExport.cmake
-- Up-to-date: /home/inteli/modulo8-p1/cg/install/cg_interfaces/share/cg_interfaces/cmake/cg_interfaces__rosidl_typesupport_cExport-noconfig.cmake
-- Up-to-date: /home/inteli/modulo8-p1/cg/install/cg_interfaces/share/cg_interfaces/cmake/export_cg_interfaces__rosidl_generator_cppExport.cmake
-- Up-to-date: /home/inteli/modulo8-p1/cg/install/cg_interfaces/share/cg_interfaces/cmake/export_cg_interfaces__rosidl_typesupport_fastrtps_cppExport.cmake
-- Up-to-date: /home/inteli/modulo8-p1/cg/install/cg_interfaces/share/cg_interfaces/cmake/export_cg_interfaces__rosidl_typesupport_fastrtps_cppExport-noconfig.cmake
-- Up-to-date: /home/inteli/modulo8-p1/cg/install/cg_interfaces/share/cg_interfaces/cmake/cg_interfaces__rosidl_typesupport_introspection_cppExport.cmake
-- Up-to-date: /home/inteli/modulo8-p1/cg/install/cg_interfaces/share/cg_interfaces/cmake/cg_interfaces__rosidl_typesupport_introspection_cppExport-noconfig.cmake
-- Up-to-date: /home/inteli/modulo8-p1/cg/install/cg_interfaces/share/cg_interfaces/cmake/cg_interfaces__rosidl_typesupport_cppExport.cmake
-- Up-to-date: /home/inteli/modulo8-p1/cg/install/cg_interfaces/share/cg_interfaces/cmake/cg_interfaces__rosidl_typesupport_cppExport-noconfig.cmake
-- Up-to-date: /home/inteli/modulo8-p1/cg/install/cg_interfaces/share/cg_interfaces/cmake/export_cg_interfaces__rosidl_generator_pyExport.cmake
-- Up-to-date: /home/inteli/modulo8-p1/cg/install/cg_interfaces/share/cg_interfaces/cmake/export_cg_interfaces__rosidl_generator_pyExport-noconfig.cmake
-- Up-to-date: /home/inteli/modulo8-p1/cg/install/cg_interfaces/share/cg_interfaces/cmake/rosidl_cmake-extras.cmake
-- Up-to-date: /home/inteli/modulo8-p1/cg/install/cg_interfaces/share/cg_interfaces/cmake/ament_cmake_export_include_directories-extras.cmake
-- Up-to-date: /home/inteli/modulo8-p1/cg/install/cg_interfaces/share/cg_interfaces/cmake/ament_cmake_export_libraries-extras.cmake
-- Up-to-date: /home/inteli/modulo8-p1/cg/install/cg_interfaces/share/cg_interfaces/cmake/ament_cmake_export_targets-extras.cmake
-- Up-to-date: /home/inteli/modulo8-p1/cg/install/cg_interfaces/share/cg_interfaces/cmake/rosidl_cmake_export_typesupport_targets-extras.cmake
-- Up-to-date: /home/inteli/modulo8-p1/cg/install/cg_interfaces/share/cg_interfaces/cmake/ament_cmake_export_dependencies-extras.cmake
-- Up-to-date: /home/inteli/modulo8-p1/cg/install/cg_interfaces/share/cg_interfaces/cmake/rosidl_cmake_export_typesupport_libraries-extras.cmake
-- Up-to-date: /home/inteli/modulo8-p1/cg/install/cg_interfaces/share/cg_interfaces/cmake/cg_interfacesConfig.cmake
-- Up-to-date: /home/inteli/modulo8-p1/cg/install/cg_interfaces/share/cg_interfaces/cmake/cg_interfacesConfig-version.cmake
-- Up-to-date: /home/inteli/modulo8-p1/cg/install/cg_interfaces/share/cg_interfaces/package.xml
