[0.226s] Invoking command in '/home/inteli/modulo8-p1/cg/build/cg_interfaces': CMAKE_PREFIX_PATH=${CMAKE_PREFIX_PATH}:/home/inteli/modulo8-p1/cg/install/cg:/opt/ros/humble /usr/bin/cmake --build /home/inteli/modulo8-p1/cg/build/cg_interfaces -- -j8 -l8
[0.275s] [35m[1mConsolidate compiler generated dependencies of target cg_interfaces__rosidl_generator_c[0m
[0.285s] [  2%] Built target cg_interfaces__cpp
[0.295s] [  2%] Built target ament_cmake_python_copy_cg_interfaces
[0.297s] [35m[1mConsolidate compiler generated dependencies of target cg_interfaces__rosidl_typesupport_cpp[0m
[0.298s] [35m[1mConsolidate compiler generated dependencies of target cg_interfaces__rosidl_typesupport_fastrtps_cpp[0m
[0.298s] [35m[1mConsolidate compiler generated dependencies of target cg_interfaces__rosidl_typesupport_introspection_cpp[0m
[0.308s] [ 12%] Built target cg_interfaces__rosidl_generator_c
[0.321s] [35m[1mConsolidate compiler generated dependencies of target cg_interfaces__rosidl_typesupport_c[0m
[0.321s] [35m[1mConsolidate compiler generated dependencies of target cg_interfaces__rosidl_typesupport_fastrtps_c[0m
[0.323s] [35m[1mConsolidate compiler generated dependencies of target cg_interfaces__rosidl_typesupport_introspection_c[0m
[0.386s] [ 23%] Built target cg_interfaces__rosidl_typesupport_cpp
[0.390s] [ 33%] Built target cg_interfaces__rosidl_typesupport_fastrtps_cpp
[0.458s] [ 43%] Built target cg_interfaces__rosidl_typesupport_introspection_cpp
[0.463s] [ 53%] Built target cg_interfaces__rosidl_typesupport_fastrtps_c
[0.465s] [ 64%] Built target cg_interfaces__rosidl_typesupport_introspection_c
[0.552s] running egg_info
[0.552s] writing cg_interfaces.egg-info/PKG-INFO
[0.686s] [ 74%] Built target cg_interfaces__rosidl_typesupport_c
[0.715s] [ 74%] Built target cg_interfaces
[0.739s] [ 76%] Built target cg_interfaces__py
[0.751s] [35m[1mConsolidate compiler generated dependencies of target cg_interfaces__rosidl_generator_py[0m
[0.915s] [ 84%] Built target cg_interfaces__rosidl_generator_py
[0.926s] [35m[1mConsolidate compiler generated dependencies of target cg_interfaces__rosidl_typesupport_fastrtps_c__pyext[0m
[0.926s] [35m[1mConsolidate compiler generated dependencies of target cg_interfaces__rosidl_typesupport_introspection_c__pyext[0m
[0.926s] [35m[1mConsolidate compiler generated dependencies of target cg_interfaces__rosidl_typesupport_c__pyext[0m
[1.052s] writing dependency_links to cg_interfaces.egg-info/dependency_links.txt
[1.064s] [ 89%] Built target cg_interfaces__rosidl_typesupport_introspection_c__pyext
[1.065s] [ 94%] Built target cg_interfaces__rosidl_typesupport_fastrtps_c__pyext
[1.412s] writing top-level names to cg_interfaces.egg-info/top_level.txt
[1.428s] reading manifest file 'cg_interfaces.egg-info/SOURCES.txt'
[1.430s] writing manifest file 'cg_interfaces.egg-info/SOURCES.txt'
[1.471s] [ 94%] Built target ament_cmake_python_build_cg_interfaces_egg
[1.479s] [100%] Built target cg_interfaces__rosidl_typesupport_c__pyext
[1.493s] Invoked command in '/home/inteli/modulo8-p1/cg/build/cg_interfaces' returned '0': CMAKE_PREFIX_PATH=${CMAKE_PREFIX_PATH}:/home/inteli/modulo8-p1/cg/install/cg:/opt/ros/humble /usr/bin/cmake --build /home/inteli/modulo8-p1/cg/build/cg_interfaces -- -j8 -l8
[1.592s] Invoking command in '/home/inteli/modulo8-p1/cg/build/cg_interfaces': CMAKE_PREFIX_PATH=${CMAKE_PREFIX_PATH}:/home/inteli/modulo8-p1/cg/install/cg:/opt/ros/humble /usr/bin/cmake --install /home/inteli/modulo8-p1/cg/build/cg_interfaces
[1.601s] -- Install configuration: ""
[1.601s] -- Up-to-date: /home/inteli/modulo8-p1/cg/install/cg_interfaces/share/ament_index/resource_index/rosidl_interfaces/cg_interfaces
[1.601s] -- Up-to-date: /home/inteli/modulo8-p1/cg/install/cg_interfaces/include/cg_interfaces/cg_interfaces
[1.601s] -- Up-to-date: /home/inteli/modulo8-p1/cg/install/cg_interfaces/include/cg_interfaces/cg_interfaces/msg
[1.602s] -- Up-to-date: /home/inteli/modulo8-p1/cg/install/cg_interfaces/include/cg_interfaces/cg_interfaces/msg/rosidl_generator_c__visibility_control.h
[1.602s] -- Up-to-date: /home/inteli/modulo8-p1/cg/install/cg_interfaces/include/cg_interfaces/cg_interfaces/srv
[1.602s] -- Up-to-date: /home/inteli/modulo8-p1/cg/install/cg_interfaces/include/cg_interfaces/cg_interfaces/srv/get_map.h
[1.602s] -- Up-to-date: /home/inteli/modulo8-p1/cg/install/cg_interfaces/include/cg_interfaces/cg_interfaces/srv/move_cmd.h
[1.602s] -- Up-to-date: /home/inteli/modulo8-p1/cg/install/cg_interfaces/include/cg_interfaces/cg_interfaces/srv/detail
[1.602s] -- Up-to-date: /home/inteli/modulo8-p1/cg/install/cg_interfaces/include/cg_interfaces/cg_interfaces/srv/detail/move_cmd__type_support.h
[1.602s] -- Up-to-date: /home/inteli/modulo8-p1/cg/install/cg_interfaces/include/cg_interfaces/cg_interfaces/srv/detail/get_map__type_support.h
[1.603s] -- Up-to-date: /home/inteli/modulo8-p1/cg/install/cg_interfaces/include/cg_interfaces/cg_interfaces/srv/detail/get_map__struct.h
[1.603s] -- Up-to-date: /home/inteli/modulo8-p1/cg/install/cg_interfaces/include/cg_interfaces/cg_interfaces/srv/detail/move_cmd__functions.c
[1.603s] -- Up-to-date: /home/inteli/modulo8-p1/cg/install/cg_interfaces/include/cg_interfaces/cg_interfaces/srv/detail/get_map__functions.h
[1.603s] -- Up-to-date: /home/inteli/modulo8-p1/cg/install/cg_interfaces/include/cg_interfaces/cg_interfaces/srv/detail/get_map__functions.c
[1.603s] -- Up-to-date: /home/inteli/modulo8-p1/cg/install/cg_interfaces/include/cg_interfaces/cg_interfaces/srv/detail/move_cmd__functions.h
[1.603s] -- Up-to-date: /home/inteli/modulo8-p1/cg/install/cg_interfaces/include/cg_interfaces/cg_interfaces/srv/detail/move_cmd__struct.h
[1.603s] -- Up-to-date: /home/inteli/modulo8-p1/cg/install/cg_interfaces/share/cg_interfaces/environment/library_path.sh
[1.604s] -- Up-to-date: /home/inteli/modulo8-p1/cg/install/cg_interfaces/share/cg_interfaces/environment/library_path.dsv
[1.604s] -- Up-to-date: /home/inteli/modulo8-p1/cg/install/cg_interfaces/lib/libcg_interfaces__rosidl_generator_c.so
[1.604s] -- Up-to-date: /home/inteli/modulo8-p1/cg/install/cg_interfaces/include/cg_interfaces/cg_interfaces
[1.604s] -- Up-to-date: /home/inteli/modulo8-p1/cg/install/cg_interfaces/include/cg_interfaces/cg_interfaces/msg
[1.604s] -- Up-to-date: /home/inteli/modulo8-p1/cg/install/cg_interfaces/include/cg_interfaces/cg_interfaces/msg/rosidl_typesupport_fastrtps_c__visibility_control.h
[1.604s] -- Up-to-date: /home/inteli/modulo8-p1/cg/install/cg_interfaces/include/cg_interfaces/cg_interfaces/srv
[1.604s] -- Up-to-date: /home/inteli/modulo8-p1/cg/install/cg_interfaces/include/cg_interfaces/cg_interfaces/srv/detail
[1.604s] -- Up-to-date: /home/inteli/modulo8-p1/cg/install/cg_interfaces/include/cg_interfaces/cg_interfaces/srv/detail/move_cmd__rosidl_typesupport_fastrtps_c.h
[1.605s] -- Up-to-date: /home/inteli/modulo8-p1/cg/install/cg_interfaces/include/cg_interfaces/cg_interfaces/srv/detail/get_map__rosidl_typesupport_fastrtps_c.h
[1.605s] -- Up-to-date: /home/inteli/modulo8-p1/cg/install/cg_interfaces/lib/libcg_interfaces__rosidl_typesupport_fastrtps_c.so
[1.605s] -- Up-to-date: /home/inteli/modulo8-p1/cg/install/cg_interfaces/include/cg_interfaces/cg_interfaces
[1.605s] -- Up-to-date: /home/inteli/modulo8-p1/cg/install/cg_interfaces/include/cg_interfaces/cg_interfaces/msg
[1.606s] -- Up-to-date: /home/inteli/modulo8-p1/cg/install/cg_interfaces/include/cg_interfaces/cg_interfaces/msg/rosidl_typesupport_introspection_c__visibility_control.h
[1.606s] -- Up-to-date: /home/inteli/modulo8-p1/cg/install/cg_interfaces/include/cg_interfaces/cg_interfaces/srv
[1.606s] -- Up-to-date: /home/inteli/modulo8-p1/cg/install/cg_interfaces/include/cg_interfaces/cg_interfaces/srv/detail
[1.606s] -- Up-to-date: /home/inteli/modulo8-p1/cg/install/cg_interfaces/include/cg_interfaces/cg_interfaces/srv/detail/get_map__type_support.c
[1.606s] -- Up-to-date: /home/inteli/modulo8-p1/cg/install/cg_interfaces/include/cg_interfaces/cg_interfaces/srv/detail/get_map__rosidl_typesupport_introspection_c.h
[1.606s] -- Up-to-date: /home/inteli/modulo8-p1/cg/install/cg_interfaces/include/cg_interfaces/cg_interfaces/srv/detail/move_cmd__type_support.c
[1.606s] -- Up-to-date: /home/inteli/modulo8-p1/cg/install/cg_interfaces/include/cg_interfaces/cg_interfaces/srv/detail/move_cmd__rosidl_typesupport_introspection_c.h
[1.606s] -- Up-to-date: /home/inteli/modulo8-p1/cg/install/cg_interfaces/lib/libcg_interfaces__rosidl_typesupport_introspection_c.so
[1.606s] -- Up-to-date: /home/inteli/modulo8-p1/cg/install/cg_interfaces/lib/libcg_interfaces__rosidl_typesupport_c.so
[1.607s] -- Up-to-date: /home/inteli/modulo8-p1/cg/install/cg_interfaces/include/cg_interfaces/cg_interfaces
[1.607s] -- Up-to-date: /home/inteli/modulo8-p1/cg/install/cg_interfaces/include/cg_interfaces/cg_interfaces/srv
[1.607s] -- Up-to-date: /home/inteli/modulo8-p1/cg/install/cg_interfaces/include/cg_interfaces/cg_interfaces/srv/get_map.hpp
[1.607s] -- Up-to-date: /home/inteli/modulo8-p1/cg/install/cg_interfaces/include/cg_interfaces/cg_interfaces/srv/move_cmd.hpp
[1.607s] -- Up-to-date: /home/inteli/modulo8-p1/cg/install/cg_interfaces/include/cg_interfaces/cg_interfaces/srv/detail
[1.607s] -- Up-to-date: /home/inteli/modulo8-p1/cg/install/cg_interfaces/include/cg_interfaces/cg_interfaces/srv/detail/move_cmd__struct.hpp
[1.607s] -- Up-to-date: /home/inteli/modulo8-p1/cg/install/cg_interfaces/include/cg_interfaces/cg_interfaces/srv/detail/get_map__struct.hpp
[1.607s] -- Up-to-date: /home/inteli/modulo8-p1/cg/install/cg_interfaces/include/cg_interfaces/cg_interfaces/srv/detail/get_map__builder.hpp
[1.608s] -- Up-to-date: /home/inteli/modulo8-p1/cg/install/cg_interfaces/include/cg_interfaces/cg_interfaces/srv/detail/move_cmd__traits.hpp
[1.608s] -- Up-to-date: /home/inteli/modulo8-p1/cg/install/cg_interfaces/include/cg_interfaces/cg_interfaces/srv/detail/get_map__traits.hpp
[1.608s] -- Up-to-date: /home/inteli/modulo8-p1/cg/install/cg_interfaces/include/cg_interfaces/cg_interfaces/srv/detail/move_cmd__builder.hpp
[1.608s] -- Up-to-date: /home/inteli/modulo8-p1/cg/install/cg_interfaces/include/cg_interfaces/cg_interfaces
[1.608s] -- Up-to-date: /home/inteli/modulo8-p1/cg/install/cg_interfaces/include/cg_interfaces/cg_interfaces/msg
[1.608s] -- Up-to-date: /home/inteli/modulo8-p1/cg/install/cg_interfaces/include/cg_interfaces/cg_interfaces/msg/rosidl_typesupport_fastrtps_cpp__visibility_control.h
[1.608s] -- Up-to-date: /home/inteli/modulo8-p1/cg/install/cg_interfaces/include/cg_interfaces/cg_interfaces/srv
[1.608s] -- Up-to-date: /home/inteli/modulo8-p1/cg/install/cg_interfaces/include/cg_interfaces/cg_interfaces/srv/detail
[1.608s] -- Up-to-date: /home/inteli/modulo8-p1/cg/install/cg_interfaces/include/cg_interfaces/cg_interfaces/srv/detail/get_map__rosidl_typesupport_fastrtps_cpp.hpp
[1.609s] -- Up-to-date: /home/inteli/modulo8-p1/cg/install/cg_interfaces/include/cg_interfaces/cg_interfaces/srv/detail/move_cmd__rosidl_typesupport_fastrtps_cpp.hpp
[1.609s] -- Up-to-date: /home/inteli/modulo8-p1/cg/install/cg_interfaces/include/cg_interfaces/cg_interfaces/srv/detail/dds_fastrtps
[1.609s] -- Up-to-date: /home/inteli/modulo8-p1/cg/install/cg_interfaces/lib/libcg_interfaces__rosidl_typesupport_fastrtps_cpp.so
[1.609s] -- Up-to-date: /home/inteli/modulo8-p1/cg/install/cg_interfaces/include/cg_interfaces/cg_interfaces
[1.609s] -- Up-to-date: /home/inteli/modulo8-p1/cg/install/cg_interfaces/include/cg_interfaces/cg_interfaces/srv
[1.609s] -- Up-to-date: /home/inteli/modulo8-p1/cg/install/cg_interfaces/include/cg_interfaces/cg_interfaces/srv/detail
[1.609s] -- Up-to-date: /home/inteli/modulo8-p1/cg/install/cg_interfaces/include/cg_interfaces/cg_interfaces/srv/detail/get_map__rosidl_typesupport_introspection_cpp.hpp
[1.609s] -- Up-to-date: /home/inteli/modulo8-p1/cg/install/cg_interfaces/include/cg_interfaces/cg_interfaces/srv/detail/get_map__type_support.cpp
[1.609s] -- Up-to-date: /home/inteli/modulo8-p1/cg/install/cg_interfaces/include/cg_interfaces/cg_interfaces/srv/detail/move_cmd__type_support.cpp
[1.609s] -- Up-to-date: /home/inteli/modulo8-p1/cg/install/cg_interfaces/include/cg_interfaces/cg_interfaces/srv/detail/move_cmd__rosidl_typesupport_introspection_cpp.hpp
[1.609s] -- Up-to-date: /home/inteli/modulo8-p1/cg/install/cg_interfaces/lib/libcg_interfaces__rosidl_typesupport_introspection_cpp.so
[1.609s] -- Up-to-date: /home/inteli/modulo8-p1/cg/install/cg_interfaces/lib/libcg_interfaces__rosidl_typesupport_cpp.so
[1.609s] -- Up-to-date: /home/inteli/modulo8-p1/cg/install/cg_interfaces/share/cg_interfaces/environment/pythonpath.sh
[1.609s] -- Up-to-date: /home/inteli/modulo8-p1/cg/install/cg_interfaces/share/cg_interfaces/environment/pythonpath.dsv
[1.609s] -- Up-to-date: /home/inteli/modulo8-p1/cg/install/cg_interfaces/local/lib/python3.10/dist-packages/cg_interfaces-0.0.0-py3.10.egg-info
[1.609s] -- Installing: /home/inteli/modulo8-p1/cg/install/cg_interfaces/local/lib/python3.10/dist-packages/cg_interfaces-0.0.0-py3.10.egg-info/SOURCES.txt
[1.610s] -- Installing: /home/inteli/modulo8-p1/cg/install/cg_interfaces/local/lib/python3.10/dist-packages/cg_interfaces-0.0.0-py3.10.egg-info/PKG-INFO
[1.610s] -- Installing: /home/inteli/modulo8-p1/cg/install/cg_interfaces/local/lib/python3.10/dist-packages/cg_interfaces-0.0.0-py3.10.egg-info/top_level.txt
[1.610s] -- Installing: /home/inteli/modulo8-p1/cg/install/cg_interfaces/local/lib/python3.10/dist-packages/cg_interfaces-0.0.0-py3.10.egg-info/dependency_links.txt
[1.610s] -- Up-to-date: /home/inteli/modulo8-p1/cg/install/cg_interfaces/local/lib/python3.10/dist-packages/cg_interfaces
[1.610s] -- Up-to-date: /home/inteli/modulo8-p1/cg/install/cg_interfaces/local/lib/python3.10/dist-packages/cg_interfaces/_cg_interfaces_s.ep.rosidl_typesupport_introspection_c.c
[1.610s] -- Up-to-date: /home/inteli/modulo8-p1/cg/install/cg_interfaces/local/lib/python3.10/dist-packages/cg_interfaces/_cg_interfaces_s.ep.rosidl_typesupport_fastrtps_c.c
[1.610s] -- Up-to-date: /home/inteli/modulo8-p1/cg/install/cg_interfaces/local/lib/python3.10/dist-packages/cg_interfaces/_cg_interfaces_s.ep.rosidl_typesupport_c.c
[1.610s] -- Up-to-date: /home/inteli/modulo8-p1/cg/install/cg_interfaces/local/lib/python3.10/dist-packages/cg_interfaces/cg_interfaces_s__rosidl_typesupport_fastrtps_c.cpython-310-x86_64-linux-gnu.so
[1.610s] -- Up-to-date: /home/inteli/modulo8-p1/cg/install/cg_interfaces/local/lib/python3.10/dist-packages/cg_interfaces/cg_interfaces_s__rosidl_typesupport_introspection_c.cpython-310-x86_64-linux-gnu.so
[1.610s] -- Up-to-date: /home/inteli/modulo8-p1/cg/install/cg_interfaces/local/lib/python3.10/dist-packages/cg_interfaces/cg_interfaces_s__rosidl_typesupport_c.cpython-310-x86_64-linux-gnu.so
[1.610s] -- Up-to-date: /home/inteli/modulo8-p1/cg/install/cg_interfaces/local/lib/python3.10/dist-packages/cg_interfaces/libcg_interfaces__rosidl_generator_py.so
[1.610s] -- Up-to-date: /home/inteli/modulo8-p1/cg/install/cg_interfaces/local/lib/python3.10/dist-packages/cg_interfaces/__init__.py
[1.610s] -- Up-to-date: /home/inteli/modulo8-p1/cg/install/cg_interfaces/local/lib/python3.10/dist-packages/cg_interfaces/srv
[1.610s] -- Up-to-date: /home/inteli/modulo8-p1/cg/install/cg_interfaces/local/lib/python3.10/dist-packages/cg_interfaces/srv/_get_map.py
[1.610s] -- Up-to-date: /home/inteli/modulo8-p1/cg/install/cg_interfaces/local/lib/python3.10/dist-packages/cg_interfaces/srv/_move_cmd_s.c
[1.610s] -- Up-to-date: /home/inteli/modulo8-p1/cg/install/cg_interfaces/local/lib/python3.10/dist-packages/cg_interfaces/srv/_move_cmd.py
[1.610s] -- Up-to-date: /home/inteli/modulo8-p1/cg/install/cg_interfaces/local/lib/python3.10/dist-packages/cg_interfaces/srv/__init__.py
[1.611s] -- Up-to-date: /home/inteli/modulo8-p1/cg/install/cg_interfaces/local/lib/python3.10/dist-packages/cg_interfaces/srv/_get_map_s.c
[1.643s] Listing '/home/inteli/modulo8-p1/cg/install/cg_interfaces/local/lib/python3.10/dist-packages/cg_interfaces'...
[1.644s] Listing '/home/inteli/modulo8-p1/cg/install/cg_interfaces/local/lib/python3.10/dist-packages/cg_interfaces/srv'...
[1.648s] -- Up-to-date: /home/inteli/modulo8-p1/cg/install/cg_interfaces/local/lib/python3.10/dist-packages/cg_interfaces/cg_interfaces_s__rosidl_typesupport_fastrtps_c.cpython-310-x86_64-linux-gnu.so
[1.648s] -- Up-to-date: /home/inteli/modulo8-p1/cg/install/cg_interfaces/local/lib/python3.10/dist-packages/cg_interfaces/cg_interfaces_s__rosidl_typesupport_introspection_c.cpython-310-x86_64-linux-gnu.so
[1.649s] -- Up-to-date: /home/inteli/modulo8-p1/cg/install/cg_interfaces/local/lib/python3.10/dist-packages/cg_interfaces/cg_interfaces_s__rosidl_typesupport_c.cpython-310-x86_64-linux-gnu.so
[1.649s] -- Up-to-date: /home/inteli/modulo8-p1/cg/install/cg_interfaces/lib/libcg_interfaces__rosidl_generator_py.so
[1.649s] -- Up-to-date: /home/inteli/modulo8-p1/cg/install/cg_interfaces/share/cg_interfaces/srv/MoveCmd.idl
[1.649s] -- Up-to-date: /home/inteli/modulo8-p1/cg/install/cg_interfaces/share/cg_interfaces/srv/GetMap.idl
[1.649s] -- Up-to-date: /home/inteli/modulo8-p1/cg/install/cg_interfaces/share/cg_interfaces/srv/MoveCmd.srv
[1.649s] -- Up-to-date: /home/inteli/modulo8-p1/cg/install/cg_interfaces/share/cg_interfaces/srv/MoveCmd_Request.msg
[1.649s] -- Up-to-date: /home/inteli/modulo8-p1/cg/install/cg_interfaces/share/cg_interfaces/srv/MoveCmd_Response.msg
[1.650s] -- Up-to-date: /home/inteli/modulo8-p1/cg/install/cg_interfaces/share/cg_interfaces/srv/GetMap.srv
[1.650s] -- Up-to-date: /home/inteli/modulo8-p1/cg/install/cg_interfaces/share/cg_interfaces/srv/GetMap_Request.msg
[1.650s] -- Up-to-date: /home/inteli/modulo8-p1/cg/install/cg_interfaces/share/cg_interfaces/srv/GetMap_Response.msg
[1.650s] -- Up-to-date: /home/inteli/modulo8-p1/cg/install/cg_interfaces/share/ament_index/resource_index/package_run_dependencies/cg_interfaces
[1.651s] -- Up-to-date: /home/inteli/modulo8-p1/cg/install/cg_interfaces/share/ament_index/resource_index/parent_prefix_path/cg_interfaces
[1.651s] -- Up-to-date: /home/inteli/modulo8-p1/cg/install/cg_interfaces/share/cg_interfaces/environment/ament_prefix_path.sh
[1.651s] -- Up-to-date: /home/inteli/modulo8-p1/cg/install/cg_interfaces/share/cg_interfaces/environment/ament_prefix_path.dsv
[1.651s] -- Up-to-date: /home/inteli/modulo8-p1/cg/install/cg_interfaces/share/cg_interfaces/environment/path.sh
[1.651s] -- Up-to-date: /home/inteli/modulo8-p1/cg/install/cg_interfaces/share/cg_interfaces/environment/path.dsv
[1.651s] -- Up-to-date: /home/inteli/modulo8-p1/cg/install/cg_interfaces/share/cg_interfaces/local_setup.bash
[1.652s] -- Up-to-date: /home/inteli/modulo8-p1/cg/install/cg_interfaces/share/cg_interfaces/local_setup.sh
[1.652s] -- Up-to-date: /home/inteli/modulo8-p1/cg/install/cg_interfaces/share/cg_interfaces/local_setup.zsh
[1.652s] -- Up-to-date: /home/inteli/modulo8-p1/cg/install/cg_interfaces/share/cg_interfaces/local_setup.dsv
[1.652s] -- Installing: /home/inteli/modulo8-p1/cg/install/cg_interfaces/share/cg_interfaces/package.dsv
[1.652s] -- Up-to-date: /home/inteli/modulo8-p1/cg/install/cg_interfaces/share/ament_index/resource_index/packages/cg_interfaces
[1.652s] -- Up-to-date: /home/inteli/modulo8-p1/cg/install/cg_interfaces/share/cg_interfaces/cmake/export_cg_interfaces__rosidl_generator_cExport.cmake
[1.652s] -- Up-to-date: /home/inteli/modulo8-p1/cg/install/cg_interfaces/share/cg_interfaces/cmake/export_cg_interfaces__rosidl_generator_cExport-noconfig.cmake
[1.652s] -- Up-to-date: /home/inteli/modulo8-p1/cg/install/cg_interfaces/share/cg_interfaces/cmake/export_cg_interfaces__rosidl_typesupport_fastrtps_cExport.cmake
[1.653s] -- Up-to-date: /home/inteli/modulo8-p1/cg/install/cg_interfaces/share/cg_interfaces/cmake/export_cg_interfaces__rosidl_typesupport_fastrtps_cExport-noconfig.cmake
[1.653s] -- Up-to-date: /home/inteli/modulo8-p1/cg/install/cg_interfaces/share/cg_interfaces/cmake/cg_interfaces__rosidl_typesupport_introspection_cExport.cmake
[1.653s] -- Up-to-date: /home/inteli/modulo8-p1/cg/install/cg_interfaces/share/cg_interfaces/cmake/cg_interfaces__rosidl_typesupport_introspection_cExport-noconfig.cmake
[1.653s] -- Up-to-date: /home/inteli/modulo8-p1/cg/install/cg_interfaces/share/cg_interfaces/cmake/cg_interfaces__rosidl_typesupport_cExport.cmake
[1.653s] -- Up-to-date: /home/inteli/modulo8-p1/cg/install/cg_interfaces/share/cg_interfaces/cmake/cg_interfaces__rosidl_typesupport_cExport-noconfig.cmake
[1.653s] -- Up-to-date: /home/inteli/modulo8-p1/cg/install/cg_interfaces/share/cg_interfaces/cmake/export_cg_interfaces__rosidl_generator_cppExport.cmake
[1.653s] -- Up-to-date: /home/inteli/modulo8-p1/cg/install/cg_interfaces/share/cg_interfaces/cmake/export_cg_interfaces__rosidl_typesupport_fastrtps_cppExport.cmake
[1.653s] -- Up-to-date: /home/inteli/modulo8-p1/cg/install/cg_interfaces/share/cg_interfaces/cmake/export_cg_interfaces__rosidl_typesupport_fastrtps_cppExport-noconfig.cmake
[1.653s] -- Up-to-date: /home/inteli/modulo8-p1/cg/install/cg_interfaces/share/cg_interfaces/cmake/cg_interfaces__rosidl_typesupport_introspection_cppExport.cmake
[1.653s] -- Up-to-date: /home/inteli/modulo8-p1/cg/install/cg_interfaces/share/cg_interfaces/cmake/cg_interfaces__rosidl_typesupport_introspection_cppExport-noconfig.cmake
[1.654s] -- Up-to-date: /home/inteli/modulo8-p1/cg/install/cg_interfaces/share/cg_interfaces/cmake/cg_interfaces__rosidl_typesupport_cppExport.cmake
[1.654s] -- Up-to-date: /home/inteli/modulo8-p1/cg/install/cg_interfaces/share/cg_interfaces/cmake/cg_interfaces__rosidl_typesupport_cppExport-noconfig.cmake
[1.654s] -- Up-to-date: /home/inteli/modulo8-p1/cg/install/cg_interfaces/share/cg_interfaces/cmake/export_cg_interfaces__rosidl_generator_pyExport.cmake
[1.654s] -- Up-to-date: /home/inteli/modulo8-p1/cg/install/cg_interfaces/share/cg_interfaces/cmake/export_cg_interfaces__rosidl_generator_pyExport-noconfig.cmake
[1.654s] -- Up-to-date: /home/inteli/modulo8-p1/cg/install/cg_interfaces/share/cg_interfaces/cmake/rosidl_cmake-extras.cmake
[1.654s] -- Up-to-date: /home/inteli/modulo8-p1/cg/install/cg_interfaces/share/cg_interfaces/cmake/ament_cmake_export_include_directories-extras.cmake
[1.654s] -- Up-to-date: /home/inteli/modulo8-p1/cg/install/cg_interfaces/share/cg_interfaces/cmake/ament_cmake_export_libraries-extras.cmake
[1.654s] -- Up-to-date: /home/inteli/modulo8-p1/cg/install/cg_interfaces/share/cg_interfaces/cmake/ament_cmake_export_targets-extras.cmake
[1.654s] -- Up-to-date: /home/inteli/modulo8-p1/cg/install/cg_interfaces/share/cg_interfaces/cmake/rosidl_cmake_export_typesupport_targets-extras.cmake
[1.654s] -- Up-to-date: /home/inteli/modulo8-p1/cg/install/cg_interfaces/share/cg_interfaces/cmake/ament_cmake_export_dependencies-extras.cmake
[1.655s] -- Up-to-date: /home/inteli/modulo8-p1/cg/install/cg_interfaces/share/cg_interfaces/cmake/rosidl_cmake_export_typesupport_libraries-extras.cmake
[1.655s] -- Up-to-date: /home/inteli/modulo8-p1/cg/install/cg_interfaces/share/cg_interfaces/cmake/cg_interfacesConfig.cmake
[1.655s] -- Up-to-date: /home/inteli/modulo8-p1/cg/install/cg_interfaces/share/cg_interfaces/cmake/cg_interfacesConfig-version.cmake
[1.655s] -- Up-to-date: /home/inteli/modulo8-p1/cg/install/cg_interfaces/share/cg_interfaces/package.xml
[1.785s] Invoked command in '/home/inteli/modulo8-p1/cg/build/cg_interfaces' returned '0': CMAKE_PREFIX_PATH=${CMAKE_PREFIX_PATH}:/home/inteli/modulo8-p1/cg/install/cg:/opt/ros/humble /usr/bin/cmake --install /home/inteli/modulo8-p1/cg/build/cg_interfaces
