[0.112s] DEBUG:colcon:Command line arguments: ['/usr/bin/colcon', 'build']
[0.112s] DEBUG:colcon:Parsed command line arguments: Namespace(log_base=None, log_level=None, verb_name='build', build_base='build', install_base='install', merge_install=False, symlink_install=False, test_result_base=None, continue_on_error=False, executor='parallel', parallel_workers=8, event_handlers=None, ignore_user_meta=False, metas=['./colcon.meta'], base_paths=['.'], packages_ignore=None, packages_ignore_regex=None, paths=None, packages_up_to=None, packages_up_to_regex=None, packages_above=None, packages_above_and_dependencies=None, packages_above_depth=None, packages_select_by_dep=None, packages_skip_by_dep=None, packages_skip_up_to=None, packages_select_build_failed=False, packages_skip_build_finished=False, packages_select_test_failures=False, packages_skip_test_passed=False, packages_select=None, packages_skip=None, packages_select_regex=None, packages_skip_regex=None, packages_start=None, packages_end=None, allow_overriding=[], cmake_args=None, cmake_target=None, cmake_target_skip_unavailable=False, cmake_clean_cache=False, cmake_clean_first=False, cmake_force_configure=False, ament_cmake_args=None, catkin_cmake_args=None, catkin_skip_building_tests=False, verb_parser=<colcon_defaults.argument_parser.defaults.DefaultArgumentsDecorator object at 0x7eb6bb749540>, verb_extension=<colcon_core.verb.build.BuildVerb object at 0x7eb6bb7490f0>, main=<bound method BuildVerb.main of <colcon_core.verb.build.BuildVerb object at 0x7eb6bb7490f0>>)
[0.233s] Level 1:colcon.colcon_core.package_discovery:discover_packages(colcon_meta) check parameters
[0.233s] Level 1:colcon.colcon_core.package_discovery:discover_packages(recursive) check parameters
[0.233s] Level 1:colcon.colcon_core.package_discovery:discover_packages(ignore) check parameters
[0.233s] Level 1:colcon.colcon_core.package_discovery:discover_packages(path) check parameters
[0.233s] Level 1:colcon.colcon_core.package_discovery:discover_packages(colcon_meta) discover
[0.233s] Level 1:colcon.colcon_core.package_discovery:discover_packages(recursive) discover
[0.233s] INFO:colcon.colcon_core.package_discovery:Crawling recursively for packages in '/home/inteli/modulo8-p1'
[0.233s] Level 1:colcon.colcon_core.package_identification:_identify(.) by extensions ['ignore', 'ignore_ament_install']
[0.233s] Level 1:colcon.colcon_core.package_identification:_identify(.) by extension 'ignore'
[0.233s] Level 1:colcon.colcon_core.package_identification:_identify(.) by extension 'ignore_ament_install'
[0.233s] Level 1:colcon.colcon_core.package_identification:_identify(.) by extensions ['colcon_pkg']
[0.233s] Level 1:colcon.colcon_core.package_identification:_identify(.) by extension 'colcon_pkg'
[0.233s] Level 1:colcon.colcon_core.package_identification:_identify(.) by extensions ['colcon_meta']
[0.234s] Level 1:colcon.colcon_core.package_identification:_identify(.) by extension 'colcon_meta'
[0.234s] Level 1:colcon.colcon_core.package_identification:_identify(.) by extensions ['ros']
[0.234s] Level 1:colcon.colcon_core.package_identification:_identify(.) by extension 'ros'
[0.242s] Level 1:colcon.colcon_core.package_identification:_identify(.) by extensions ['cmake', 'python']
[0.242s] Level 1:colcon.colcon_core.package_identification:_identify(.) by extension 'cmake'
[0.242s] Level 1:colcon.colcon_core.package_identification:_identify(.) by extension 'python'
[0.242s] Level 1:colcon.colcon_core.package_identification:_identify(.) by extensions ['python_setup_py']
[0.242s] Level 1:colcon.colcon_core.package_identification:_identify(.) by extension 'python_setup_py'
[0.242s] Level 1:colcon.colcon_core.package_identification:_identify(build) by extensions ['ignore', 'ignore_ament_install']
[0.243s] Level 1:colcon.colcon_core.package_identification:_identify(build) by extension 'ignore'
[0.243s] Level 1:colcon.colcon_core.package_identification:_identify(build) ignored
[0.243s] Level 1:colcon.colcon_core.package_identification:_identify(cg) by extensions ['ignore', 'ignore_ament_install']
[0.243s] Level 1:colcon.colcon_core.package_identification:_identify(cg) by extension 'ignore'
[0.243s] Level 1:colcon.colcon_core.package_identification:_identify(cg) by extension 'ignore_ament_install'
[0.243s] Level 1:colcon.colcon_core.package_identification:_identify(cg) by extensions ['colcon_pkg']
[0.243s] Level 1:colcon.colcon_core.package_identification:_identify(cg) by extension 'colcon_pkg'
[0.243s] Level 1:colcon.colcon_core.package_identification:_identify(cg) by extensions ['colcon_meta']
[0.243s] Level 1:colcon.colcon_core.package_identification:_identify(cg) by extension 'colcon_meta'
[0.243s] Level 1:colcon.colcon_core.package_identification:_identify(cg) by extensions ['ros']
[0.243s] Level 1:colcon.colcon_core.package_identification:_identify(cg) by extension 'ros'
[0.243s] Level 1:colcon.colcon_core.package_identification:_identify(cg) by extensions ['cmake', 'python']
[0.243s] Level 1:colcon.colcon_core.package_identification:_identify(cg) by extension 'cmake'
[0.243s] Level 1:colcon.colcon_core.package_identification:_identify(cg) by extension 'python'
[0.243s] Level 1:colcon.colcon_core.package_identification:_identify(cg) by extensions ['python_setup_py']
[0.243s] Level 1:colcon.colcon_core.package_identification:_identify(cg) by extension 'python_setup_py'
[0.243s] Level 1:colcon.colcon_core.package_identification:_identify(cg/build) by extensions ['ignore', 'ignore_ament_install']
[0.244s] Level 1:colcon.colcon_core.package_identification:_identify(cg/build) by extension 'ignore'
[0.244s] Level 1:colcon.colcon_core.package_identification:_identify(cg/build) ignored
[0.244s] Level 1:colcon.colcon_core.package_identification:_identify(cg/cg_interfaces) by extensions ['ignore', 'ignore_ament_install']
[0.244s] Level 1:colcon.colcon_core.package_identification:_identify(cg/cg_interfaces) by extension 'ignore'
[0.244s] Level 1:colcon.colcon_core.package_identification:_identify(cg/cg_interfaces) by extension 'ignore_ament_install'
[0.244s] Level 1:colcon.colcon_core.package_identification:_identify(cg/cg_interfaces) by extensions ['colcon_pkg']
[0.244s] Level 1:colcon.colcon_core.package_identification:_identify(cg/cg_interfaces) by extension 'colcon_pkg'
[0.244s] Level 1:colcon.colcon_core.package_identification:_identify(cg/cg_interfaces) by extensions ['colcon_meta']
[0.244s] Level 1:colcon.colcon_core.package_identification:_identify(cg/cg_interfaces) by extension 'colcon_meta'
[0.244s] Level 1:colcon.colcon_core.package_identification:_identify(cg/cg_interfaces) by extensions ['ros']
[0.244s] Level 1:colcon.colcon_core.package_identification:_identify(cg/cg_interfaces) by extension 'ros'
[0.246s] DEBUG:colcon.colcon_core.package_identification:Package 'cg/cg_interfaces' with type 'ros.ament_cmake' and name 'cg_interfaces'
[0.246s] Level 1:colcon.colcon_core.package_identification:_identify(cg/install) by extensions ['ignore', 'ignore_ament_install']
[0.246s] Level 1:colcon.colcon_core.package_identification:_identify(cg/install) by extension 'ignore'
[0.246s] Level 1:colcon.colcon_core.package_identification:_identify(cg/install) ignored
[0.246s] Level 1:colcon.colcon_core.package_identification:_identify(cg/log) by extensions ['ignore', 'ignore_ament_install']
[0.246s] Level 1:colcon.colcon_core.package_identification:_identify(cg/log) by extension 'ignore'
[0.246s] Level 1:colcon.colcon_core.package_identification:_identify(cg/log) ignored
[0.247s] Level 1:colcon.colcon_core.package_identification:_identify(cg/src) by extensions ['ignore', 'ignore_ament_install']
[0.247s] Level 1:colcon.colcon_core.package_identification:_identify(cg/src) by extension 'ignore'
[0.247s] Level 1:colcon.colcon_core.package_identification:_identify(cg/src) by extension 'ignore_ament_install'
[0.247s] Level 1:colcon.colcon_core.package_identification:_identify(cg/src) by extensions ['colcon_pkg']
[0.247s] Level 1:colcon.colcon_core.package_identification:_identify(cg/src) by extension 'colcon_pkg'
[0.247s] Level 1:colcon.colcon_core.package_identification:_identify(cg/src) by extensions ['colcon_meta']
[0.247s] Level 1:colcon.colcon_core.package_identification:_identify(cg/src) by extension 'colcon_meta'
[0.247s] Level 1:colcon.colcon_core.package_identification:_identify(cg/src) by extensions ['ros']
[0.247s] Level 1:colcon.colcon_core.package_identification:_identify(cg/src) by extension 'ros'
[0.247s] DEBUG:colcon.colcon_core.package_identification:Package 'cg/src' with type 'ros.ament_python' and name 'cg'
[0.247s] Level 1:colcon.colcon_core.package_identification:_identify(install) by extensions ['ignore', 'ignore_ament_install']
[0.248s] Level 1:colcon.colcon_core.package_identification:_identify(install) by extension 'ignore'
[0.248s] Level 1:colcon.colcon_core.package_identification:_identify(install) ignored
[0.248s] Level 1:colcon.colcon_core.package_identification:_identify(lobotomy_kaisen) by extensions ['ignore', 'ignore_ament_install']
[0.248s] Level 1:colcon.colcon_core.package_identification:_identify(lobotomy_kaisen) by extension 'ignore'
[0.248s] Level 1:colcon.colcon_core.package_identification:_identify(lobotomy_kaisen) by extension 'ignore_ament_install'
[0.248s] Level 1:colcon.colcon_core.package_identification:_identify(lobotomy_kaisen) by extensions ['colcon_pkg']
[0.248s] Level 1:colcon.colcon_core.package_identification:_identify(lobotomy_kaisen) by extension 'colcon_pkg'
[0.248s] Level 1:colcon.colcon_core.package_identification:_identify(lobotomy_kaisen) by extensions ['colcon_meta']
[0.248s] Level 1:colcon.colcon_core.package_identification:_identify(lobotomy_kaisen) by extension 'colcon_meta'
[0.248s] Level 1:colcon.colcon_core.package_identification:_identify(lobotomy_kaisen) by extensions ['ros']
[0.248s] Level 1:colcon.colcon_core.package_identification:_identify(lobotomy_kaisen) by extension 'ros'
[0.248s] Level 1:colcon.colcon_core.package_identification:_identify(lobotomy_kaisen) by extensions ['cmake', 'python']
[0.248s] Level 1:colcon.colcon_core.package_identification:_identify(lobotomy_kaisen) by extension 'cmake'
[0.248s] Level 1:colcon.colcon_core.package_identification:_identify(lobotomy_kaisen) by extension 'python'
[0.248s] Level 1:colcon.colcon_core.package_identification:_identify(lobotomy_kaisen) by extensions ['python_setup_py']
[0.248s] Level 1:colcon.colcon_core.package_identification:_identify(lobotomy_kaisen) by extension 'python_setup_py'
[0.248s] Level 1:colcon.colcon_core.package_identification:_identify(log) by extensions ['ignore', 'ignore_ament_install']
[0.248s] Level 1:colcon.colcon_core.package_identification:_identify(log) by extension 'ignore'
[0.248s] Level 1:colcon.colcon_core.package_identification:_identify(log) ignored
[0.249s] Level 1:colcon.colcon_core.package_identification:_identify(maps) by extensions ['ignore', 'ignore_ament_install']
[0.249s] Level 1:colcon.colcon_core.package_identification:_identify(maps) by extension 'ignore'
[0.249s] Level 1:colcon.colcon_core.package_identification:_identify(maps) by extension 'ignore_ament_install'
[0.249s] Level 1:colcon.colcon_core.package_identification:_identify(maps) by extensions ['colcon_pkg']
[0.249s] Level 1:colcon.colcon_core.package_identification:_identify(maps) by extension 'colcon_pkg'
[0.249s] Level 1:colcon.colcon_core.package_identification:_identify(maps) by extensions ['colcon_meta']
[0.249s] Level 1:colcon.colcon_core.package_identification:_identify(maps) by extension 'colcon_meta'
[0.249s] Level 1:colcon.colcon_core.package_identification:_identify(maps) by extensions ['ros']
[0.249s] Level 1:colcon.colcon_core.package_identification:_identify(maps) by extension 'ros'
[0.249s] Level 1:colcon.colcon_core.package_identification:_identify(maps) by extensions ['cmake', 'python']
[0.249s] Level 1:colcon.colcon_core.package_identification:_identify(maps) by extension 'cmake'
[0.249s] Level 1:colcon.colcon_core.package_identification:_identify(maps) by extension 'python'
[0.249s] Level 1:colcon.colcon_core.package_identification:_identify(maps) by extensions ['python_setup_py']
[0.249s] Level 1:colcon.colcon_core.package_identification:_identify(maps) by extension 'python_setup_py'
[0.249s] Level 1:colcon.colcon_core.package_discovery:discover_packages(recursive) using defaults
[0.249s] Level 1:colcon.colcon_core.package_discovery:discover_packages(ignore) discover
[0.249s] Level 1:colcon.colcon_core.package_discovery:discover_packages(ignore) using defaults
[0.249s] Level 1:colcon.colcon_core.package_discovery:discover_packages(path) discover
[0.249s] Level 1:colcon.colcon_core.package_discovery:discover_packages(path) using defaults
[0.273s] Level 1:colcon.colcon_core.package_discovery:discover_packages(prefix_path) check parameters
[0.273s] Level 1:colcon.colcon_core.package_discovery:discover_packages(prefix_path) discover
[0.274s] WARNING:colcon.colcon_ros.prefix_path.ament:The path '/home/inteli/modulo8-p1/install/cg' in the environment variable AMENT_PREFIX_PATH doesn't exist
[0.274s] WARNING:colcon.colcon_ros.prefix_path.ament:The path '/home/inteli/modulo8-p1/install/cg_interfaces' in the environment variable AMENT_PREFIX_PATH doesn't exist
[0.274s] WARNING:colcon.colcon_ros.prefix_path.catkin:The path '/home/inteli/modulo8-p1/install/cg_interfaces' in the environment variable CMAKE_PREFIX_PATH doesn't exist
[0.275s] DEBUG:colcon.colcon_installed_package_information.package_discovery:Found 0 installed packages in /home/inteli/modulo8-p1/install
[0.276s] DEBUG:colcon.colcon_installed_package_information.package_discovery:Found 384 installed packages in /opt/ros/humble
[0.277s] Level 1:colcon.colcon_core.package_discovery:discover_packages(prefix_path) using defaults
[0.309s] Level 5:colcon.colcon_core.verb:set package 'cg_interfaces' build argument 'cmake_args' from command line to 'None'
[0.309s] Level 5:colcon.colcon_core.verb:set package 'cg_interfaces' build argument 'cmake_target' from command line to 'None'
[0.309s] Level 5:colcon.colcon_core.verb:set package 'cg_interfaces' build argument 'cmake_target_skip_unavailable' from command line to 'False'
[0.309s] Level 5:colcon.colcon_core.verb:set package 'cg_interfaces' build argument 'cmake_clean_cache' from command line to 'False'
[0.309s] Level 5:colcon.colcon_core.verb:set package 'cg_interfaces' build argument 'cmake_clean_first' from command line to 'False'
[0.309s] Level 5:colcon.colcon_core.verb:set package 'cg_interfaces' build argument 'cmake_force_configure' from command line to 'False'
[0.309s] Level 5:colcon.colcon_core.verb:set package 'cg_interfaces' build argument 'ament_cmake_args' from command line to 'None'
[0.309s] Level 5:colcon.colcon_core.verb:set package 'cg_interfaces' build argument 'catkin_cmake_args' from command line to 'None'
[0.309s] Level 5:colcon.colcon_core.verb:set package 'cg_interfaces' build argument 'catkin_skip_building_tests' from command line to 'False'
[0.309s] DEBUG:colcon.colcon_core.verb:Building package 'cg_interfaces' with the following arguments: {'ament_cmake_args': None, 'build_base': '/home/inteli/modulo8-p1/build/cg_interfaces', 'catkin_cmake_args': None, 'catkin_skip_building_tests': False, 'cmake_args': None, 'cmake_clean_cache': False, 'cmake_clean_first': False, 'cmake_force_configure': False, 'cmake_target': None, 'cmake_target_skip_unavailable': False, 'install_base': '/home/inteli/modulo8-p1/install/cg_interfaces', 'merge_install': False, 'path': '/home/inteli/modulo8-p1/cg/cg_interfaces', 'symlink_install': False, 'test_result_base': None}
[0.309s] Level 5:colcon.colcon_core.verb:set package 'cg' build argument 'cmake_args' from command line to 'None'
[0.309s] Level 5:colcon.colcon_core.verb:set package 'cg' build argument 'cmake_target' from command line to 'None'
[0.309s] Level 5:colcon.colcon_core.verb:set package 'cg' build argument 'cmake_target_skip_unavailable' from command line to 'False'
[0.309s] Level 5:colcon.colcon_core.verb:set package 'cg' build argument 'cmake_clean_cache' from command line to 'False'
[0.309s] Level 5:colcon.colcon_core.verb:set package 'cg' build argument 'cmake_clean_first' from command line to 'False'
[0.310s] Level 5:colcon.colcon_core.verb:set package 'cg' build argument 'cmake_force_configure' from command line to 'False'
[0.310s] Level 5:colcon.colcon_core.verb:set package 'cg' build argument 'ament_cmake_args' from command line to 'None'
[0.310s] Level 5:colcon.colcon_core.verb:set package 'cg' build argument 'catkin_cmake_args' from command line to 'None'
[0.310s] Level 5:colcon.colcon_core.verb:set package 'cg' build argument 'catkin_skip_building_tests' from command line to 'False'
[0.310s] DEBUG:colcon.colcon_core.verb:Building package 'cg' with the following arguments: {'ament_cmake_args': None, 'build_base': '/home/inteli/modulo8-p1/build/cg', 'catkin_cmake_args': None, 'catkin_skip_building_tests': False, 'cmake_args': None, 'cmake_clean_cache': False, 'cmake_clean_first': False, 'cmake_force_configure': False, 'cmake_target': None, 'cmake_target_skip_unavailable': False, 'install_base': '/home/inteli/modulo8-p1/install/cg', 'merge_install': False, 'path': '/home/inteli/modulo8-p1/cg/src', 'symlink_install': False, 'test_result_base': None}
[0.310s] INFO:colcon.colcon_core.executor:Executing jobs using 'parallel' executor
[0.311s] DEBUG:colcon.colcon_parallel_executor.executor.parallel:run_until_complete
[0.311s] INFO:colcon.colcon_ros.task.ament_cmake.build:Building ROS package in '/home/inteli/modulo8-p1/cg/cg_interfaces' with build type 'ament_cmake'
[0.311s] INFO:colcon.colcon_cmake.task.cmake.build:Building CMake package in '/home/inteli/modulo8-p1/cg/cg_interfaces'
[0.312s] INFO:colcon.colcon_core.plugin_system:Skipping extension 'colcon_core.shell.bat': Not used on non-Windows systems
[0.313s] INFO:colcon.colcon_core.shell:Skip shell extension 'powershell' for command environment: Not usable outside of PowerShell
[0.313s] DEBUG:colcon.colcon_core.shell:Skip shell extension 'dsv' for command environment
[0.320s] DEBUG:colcon.colcon_core.event_handler.log_command:Invoking command in '/home/inteli/modulo8-p1/build/cg_interfaces': CMAKE_PREFIX_PATH=${CMAKE_PREFIX_PATH}:/home/inteli/modulo8-p1/install/cg:/opt/ros/humble /usr/bin/cmake /home/inteli/modulo8-p1/cg/cg_interfaces -DCMAKE_INSTALL_PREFIX=/home/inteli/modulo8-p1/install/cg_interfaces
[2.494s] DEBUG:colcon.colcon_core.event_handler.log_command:Invoked command in '/home/inteli/modulo8-p1/build/cg_interfaces' returned '0': CMAKE_PREFIX_PATH=${CMAKE_PREFIX_PATH}:/home/inteli/modulo8-p1/install/cg:/opt/ros/humble /usr/bin/cmake /home/inteli/modulo8-p1/cg/cg_interfaces -DCMAKE_INSTALL_PREFIX=/home/inteli/modulo8-p1/install/cg_interfaces
[2.495s] DEBUG:colcon.colcon_core.event_handler.log_command:Invoking command in '/home/inteli/modulo8-p1/build/cg_interfaces': CMAKE_PREFIX_PATH=${CMAKE_PREFIX_PATH}:/home/inteli/modulo8-p1/install/cg:/opt/ros/humble /usr/bin/cmake --build /home/inteli/modulo8-p1/build/cg_interfaces -- -j8 -l8
[4.939s] DEBUG:colcon.colcon_core.event_handler.log_command:Invoked command in '/home/inteli/modulo8-p1/build/cg_interfaces' returned '0': CMAKE_PREFIX_PATH=${CMAKE_PREFIX_PATH}:/home/inteli/modulo8-p1/install/cg:/opt/ros/humble /usr/bin/cmake --build /home/inteli/modulo8-p1/build/cg_interfaces -- -j8 -l8
[5.004s] DEBUG:colcon.colcon_core.event_handler.log_command:Invoking command in '/home/inteli/modulo8-p1/build/cg_interfaces': CMAKE_PREFIX_PATH=${CMAKE_PREFIX_PATH}:/home/inteli/modulo8-p1/install/cg:/opt/ros/humble /usr/bin/cmake --install /home/inteli/modulo8-p1/build/cg_interfaces
[5.052s] Level 1:colcon.colcon_core.environment:create_environment_scripts_only(cg_interfaces)
[5.053s] DEBUG:colcon.colcon_core.event_handler.log_command:Invoked command in '/home/inteli/modulo8-p1/build/cg_interfaces' returned '0': CMAKE_PREFIX_PATH=${CMAKE_PREFIX_PATH}:/home/inteli/modulo8-p1/install/cg:/opt/ros/humble /usr/bin/cmake --install /home/inteli/modulo8-p1/build/cg_interfaces
[5.054s] Level 1:colcon.colcon_core.environment:checking '/home/inteli/modulo8-p1/install/cg_interfaces' for CMake module files
[5.055s] Level 1:colcon.colcon_core.environment:checking '/home/inteli/modulo8-p1/install/cg_interfaces' for CMake config files
[5.055s] Level 1:colcon.colcon_core.shell:create_environment_hook('cg_interfaces', 'cmake_prefix_path')
[5.055s] INFO:colcon.colcon_core.shell:Creating environment hook '/home/inteli/modulo8-p1/install/cg_interfaces/share/cg_interfaces/hook/cmake_prefix_path.ps1'
[5.056s] INFO:colcon.colcon_core.shell:Creating environment descriptor '/home/inteli/modulo8-p1/install/cg_interfaces/share/cg_interfaces/hook/cmake_prefix_path.dsv'
[5.056s] INFO:colcon.colcon_core.shell:Creating environment hook '/home/inteli/modulo8-p1/install/cg_interfaces/share/cg_interfaces/hook/cmake_prefix_path.sh'
[5.057s] Level 1:colcon.colcon_core.environment:checking '/home/inteli/modulo8-p1/install/cg_interfaces/lib'
[5.057s] Level 1:colcon.colcon_core.shell:create_environment_hook('cg_interfaces', 'ld_library_path_lib')
[5.057s] INFO:colcon.colcon_core.shell:Creating environment hook '/home/inteli/modulo8-p1/install/cg_interfaces/share/cg_interfaces/hook/ld_library_path_lib.ps1'
[5.057s] INFO:colcon.colcon_core.shell:Creating environment descriptor '/home/inteli/modulo8-p1/install/cg_interfaces/share/cg_interfaces/hook/ld_library_path_lib.dsv'
[5.057s] INFO:colcon.colcon_core.shell:Creating environment hook '/home/inteli/modulo8-p1/install/cg_interfaces/share/cg_interfaces/hook/ld_library_path_lib.sh'
[5.057s] Level 1:colcon.colcon_core.environment:checking '/home/inteli/modulo8-p1/install/cg_interfaces/bin'
[5.058s] Level 1:colcon.colcon_core.environment:checking '/home/inteli/modulo8-p1/install/cg_interfaces/lib/pkgconfig/cg_interfaces.pc'
[5.058s] Level 1:colcon.colcon_core.environment:checking '/home/inteli/modulo8-p1/install/cg_interfaces/lib/python3.10/site-packages'
[5.058s] Level 1:colcon.colcon_core.environment:checking '/home/inteli/modulo8-p1/install/cg_interfaces/bin'
[5.058s] INFO:colcon.colcon_core.shell:Creating package script '/home/inteli/modulo8-p1/install/cg_interfaces/share/cg_interfaces/package.ps1'
[5.059s] INFO:colcon.colcon_core.shell:Creating package descriptor '/home/inteli/modulo8-p1/install/cg_interfaces/share/cg_interfaces/package.dsv'
[5.059s] INFO:colcon.colcon_core.shell:Creating package script '/home/inteli/modulo8-p1/install/cg_interfaces/share/cg_interfaces/package.sh'
[5.059s] INFO:colcon.colcon_core.shell:Creating package script '/home/inteli/modulo8-p1/install/cg_interfaces/share/cg_interfaces/package.bash'
[5.060s] INFO:colcon.colcon_core.shell:Creating package script '/home/inteli/modulo8-p1/install/cg_interfaces/share/cg_interfaces/package.zsh'
[5.060s] Level 1:colcon.colcon_core.environment:create_file_with_runtime_dependencies(/home/inteli/modulo8-p1/install/cg_interfaces/share/colcon-core/packages/cg_interfaces)
[5.114s] Level 1:colcon.colcon_core.environment:create_environment_scripts_only(cg_interfaces)
[5.114s] Level 1:colcon.colcon_core.environment:checking '/home/inteli/modulo8-p1/install/cg_interfaces' for CMake module files
[5.114s] Level 1:colcon.colcon_core.environment:checking '/home/inteli/modulo8-p1/install/cg_interfaces' for CMake config files
[5.115s] Level 1:colcon.colcon_core.shell:create_environment_hook('cg_interfaces', 'cmake_prefix_path')
[5.115s] INFO:colcon.colcon_core.shell:Creating environment hook '/home/inteli/modulo8-p1/install/cg_interfaces/share/cg_interfaces/hook/cmake_prefix_path.ps1'
[5.115s] INFO:colcon.colcon_core.shell:Creating environment descriptor '/home/inteli/modulo8-p1/install/cg_interfaces/share/cg_interfaces/hook/cmake_prefix_path.dsv'
[5.127s] INFO:colcon.colcon_core.shell:Creating environment hook '/home/inteli/modulo8-p1/install/cg_interfaces/share/cg_interfaces/hook/cmake_prefix_path.sh'
[5.128s] Level 1:colcon.colcon_core.environment:checking '/home/inteli/modulo8-p1/install/cg_interfaces/lib'
[5.128s] Level 1:colcon.colcon_core.shell:create_environment_hook('cg_interfaces', 'ld_library_path_lib')
[5.128s] INFO:colcon.colcon_core.shell:Creating environment hook '/home/inteli/modulo8-p1/install/cg_interfaces/share/cg_interfaces/hook/ld_library_path_lib.ps1'
[5.129s] INFO:colcon.colcon_core.shell:Creating environment descriptor '/home/inteli/modulo8-p1/install/cg_interfaces/share/cg_interfaces/hook/ld_library_path_lib.dsv'
[5.141s] INFO:colcon.colcon_core.shell:Creating environment hook '/home/inteli/modulo8-p1/install/cg_interfaces/share/cg_interfaces/hook/ld_library_path_lib.sh'
[5.142s] Level 1:colcon.colcon_core.environment:checking '/home/inteli/modulo8-p1/install/cg_interfaces/bin'
[5.143s] Level 1:colcon.colcon_core.environment:checking '/home/inteli/modulo8-p1/install/cg_interfaces/lib/pkgconfig/cg_interfaces.pc'
[5.143s] Level 1:colcon.colcon_core.environment:checking '/home/inteli/modulo8-p1/install/cg_interfaces/lib/python3.10/site-packages'
[5.143s] Level 1:colcon.colcon_core.environment:checking '/home/inteli/modulo8-p1/install/cg_interfaces/bin'
[5.144s] INFO:colcon.colcon_core.shell:Creating package script '/home/inteli/modulo8-p1/install/cg_interfaces/share/cg_interfaces/package.ps1'
[5.155s] INFO:colcon.colcon_core.shell:Creating package descriptor '/home/inteli/modulo8-p1/install/cg_interfaces/share/cg_interfaces/package.dsv'
[5.156s] INFO:colcon.colcon_core.shell:Creating package script '/home/inteli/modulo8-p1/install/cg_interfaces/share/cg_interfaces/package.sh'
[5.168s] INFO:colcon.colcon_core.shell:Creating package script '/home/inteli/modulo8-p1/install/cg_interfaces/share/cg_interfaces/package.bash'
[5.169s] INFO:colcon.colcon_core.shell:Creating package script '/home/inteli/modulo8-p1/install/cg_interfaces/share/cg_interfaces/package.zsh'
[5.181s] Level 1:colcon.colcon_core.environment:create_file_with_runtime_dependencies(/home/inteli/modulo8-p1/install/cg_interfaces/share/colcon-core/packages/cg_interfaces)
[5.185s] INFO:colcon.colcon_ros.task.ament_python.build:Building ROS package in '/home/inteli/modulo8-p1/cg/src' with build type 'ament_python'
[5.185s] Level 1:colcon.colcon_core.shell:create_environment_hook('cg', 'ament_prefix_path')
[5.186s] INFO:colcon.colcon_core.shell:Creating environment hook '/home/inteli/modulo8-p1/install/cg/share/cg/hook/ament_prefix_path.ps1'
[5.189s] INFO:colcon.colcon_core.shell:Creating environment descriptor '/home/inteli/modulo8-p1/install/cg/share/cg/hook/ament_prefix_path.dsv'
[5.189s] INFO:colcon.colcon_core.shell:Creating environment hook '/home/inteli/modulo8-p1/install/cg/share/cg/hook/ament_prefix_path.sh'
[5.190s] INFO:colcon.colcon_core.shell:Skip shell extension 'powershell' for command environment: Not usable outside of PowerShell
[5.191s] DEBUG:colcon.colcon_core.shell:Skip shell extension 'dsv' for command environment
[5.400s] INFO:colcon.colcon_core.task.python.build:Building Python package in '/home/inteli/modulo8-p1/cg/src'
[5.400s] INFO:colcon.colcon_core.shell:Skip shell extension 'powershell' for command environment: Not usable outside of PowerShell
[5.400s] DEBUG:colcon.colcon_core.shell:Skip shell extension 'dsv' for command environment
[5.672s] DEBUG:colcon.colcon_core.event_handler.log_command:Invoking command in '/home/inteli/modulo8-p1/cg/src': PYTHONPATH=/home/inteli/modulo8-p1/build/cg/prefix_override:/usr/lib/python3/dist-packages/colcon_core/task/python/colcon_distutils_commands:/home/inteli/modulo8-p1/install/cg/lib/python3.10/site-packages:${PYTHONPATH} /usr/bin/python3 -W ignore:setup.py install is deprecated setup.py egg_info --egg-base ../../build/cg build --build-base /home/inteli/modulo8-p1/build/cg/build install --record /home/inteli/modulo8-p1/build/cg/install.log --single-version-externally-managed install_data
[5.882s] Level 1:colcon.colcon_core.environment:checking '/home/inteli/modulo8-p1/install/cg' for CMake module files
[5.883s] DEBUG:colcon.colcon_core.event_handler.log_command:Invoked command in '/home/inteli/modulo8-p1/cg/src' returned '0': PYTHONPATH=/home/inteli/modulo8-p1/build/cg/prefix_override:/usr/lib/python3/dist-packages/colcon_core/task/python/colcon_distutils_commands:/home/inteli/modulo8-p1/install/cg/lib/python3.10/site-packages:${PYTHONPATH} /usr/bin/python3 -W ignore:setup.py install is deprecated setup.py egg_info --egg-base ../../build/cg build --build-base /home/inteli/modulo8-p1/build/cg/build install --record /home/inteli/modulo8-p1/build/cg/install.log --single-version-externally-managed install_data
[5.883s] Level 1:colcon.colcon_core.environment:checking '/home/inteli/modulo8-p1/install/cg' for CMake config files
[5.883s] Level 1:colcon.colcon_core.environment:checking '/home/inteli/modulo8-p1/install/cg/lib'
[5.883s] Level 1:colcon.colcon_core.environment:checking '/home/inteli/modulo8-p1/install/cg/bin'
[5.883s] Level 1:colcon.colcon_core.environment:checking '/home/inteli/modulo8-p1/install/cg/lib/pkgconfig/cg.pc'
[5.883s] Level 1:colcon.colcon_core.environment:checking '/home/inteli/modulo8-p1/install/cg/lib/python3.10/site-packages'
[5.883s] Level 1:colcon.colcon_core.shell:create_environment_hook('cg', 'pythonpath')
[5.884s] INFO:colcon.colcon_core.shell:Creating environment hook '/home/inteli/modulo8-p1/install/cg/share/cg/hook/pythonpath.ps1'
[5.884s] INFO:colcon.colcon_core.shell:Creating environment descriptor '/home/inteli/modulo8-p1/install/cg/share/cg/hook/pythonpath.dsv'
[5.884s] INFO:colcon.colcon_core.shell:Creating environment hook '/home/inteli/modulo8-p1/install/cg/share/cg/hook/pythonpath.sh'
[5.884s] Level 1:colcon.colcon_core.environment:checking '/home/inteli/modulo8-p1/install/cg/bin'
[5.884s] Level 1:colcon.colcon_core.environment:create_environment_scripts_only(cg)
[5.885s] INFO:colcon.colcon_core.shell:Creating package script '/home/inteli/modulo8-p1/install/cg/share/cg/package.ps1'
[5.885s] INFO:colcon.colcon_core.shell:Creating package descriptor '/home/inteli/modulo8-p1/install/cg/share/cg/package.dsv'
[5.885s] INFO:colcon.colcon_core.shell:Creating package script '/home/inteli/modulo8-p1/install/cg/share/cg/package.sh'
[5.885s] INFO:colcon.colcon_core.shell:Creating package script '/home/inteli/modulo8-p1/install/cg/share/cg/package.bash'
[5.886s] INFO:colcon.colcon_core.shell:Creating package script '/home/inteli/modulo8-p1/install/cg/share/cg/package.zsh'
[5.886s] Level 1:colcon.colcon_core.environment:create_file_with_runtime_dependencies(/home/inteli/modulo8-p1/install/cg/share/colcon-core/packages/cg)
[5.886s] DEBUG:colcon.colcon_parallel_executor.executor.parallel:closing loop
[5.886s] DEBUG:colcon.colcon_parallel_executor.executor.parallel:loop closed
[5.886s] DEBUG:colcon.colcon_parallel_executor.executor.parallel:run_until_complete finished with '0'
[5.886s] DEBUG:colcon.colcon_core.event_reactor:joining thread
[5.890s] INFO:colcon.colcon_core.plugin_system:Skipping extension 'colcon_notification.desktop_notification.terminal_notifier': Not used on non-Darwin systems
[5.890s] INFO:colcon.colcon_core.plugin_system:Skipping extension 'colcon_notification.desktop_notification.win32': Not used on non-Windows systems
[5.890s] INFO:colcon.colcon_notification.desktop_notification:Sending desktop notification using 'notify2'
[5.900s] DEBUG:colcon.colcon_core.event_reactor:joined thread
[5.900s] INFO:colcon.colcon_core.shell:Creating prefix script '/home/inteli/modulo8-p1/install/local_setup.ps1'
[5.901s] INFO:colcon.colcon_core.shell:Creating prefix util module '/home/inteli/modulo8-p1/install/_local_setup_util_ps1.py'
[5.902s] INFO:colcon.colcon_core.shell:Creating prefix chain script '/home/inteli/modulo8-p1/install/setup.ps1'
[5.903s] INFO:colcon.colcon_core.shell:Creating prefix script '/home/inteli/modulo8-p1/install/local_setup.sh'
[5.904s] INFO:colcon.colcon_core.shell:Creating prefix util module '/home/inteli/modulo8-p1/install/_local_setup_util_sh.py'
[5.904s] INFO:colcon.colcon_core.shell:Creating prefix chain script '/home/inteli/modulo8-p1/install/setup.sh'
[5.905s] INFO:colcon.colcon_core.shell:Creating prefix script '/home/inteli/modulo8-p1/install/local_setup.bash'
[5.905s] INFO:colcon.colcon_core.shell:Creating prefix chain script '/home/inteli/modulo8-p1/install/setup.bash'
[5.906s] INFO:colcon.colcon_core.shell:Creating prefix script '/home/inteli/modulo8-p1/install/local_setup.zsh'
[5.906s] INFO:colcon.colcon_core.shell:Creating prefix chain script '/home/inteli/modulo8-p1/install/setup.zsh'
