/home/inteli/modulo8-p1/cg/install/cg/lib/python3.10/site-packages/cg/navegacao_reativa.py
/home/inteli/modulo8-p1/cg/install/cg/lib/python3.10/site-packages/cg/Maze.py
/home/inteli/modulo8-p1/cg/install/cg/lib/python3.10/site-packages/cg/Robot.py
/home/inteli/modulo8-p1/cg/install/cg/lib/python3.10/site-packages/cg/Game.py
/home/inteli/modulo8-p1/cg/install/cg/lib/python3.10/site-packages/cg/main.py
/home/inteli/modulo8-p1/cg/install/cg/lib/python3.10/site-packages/cg/__init__.py
/home/inteli/modulo8-p1/cg/install/cg/lib/python3.10/site-packages/cg/Editor.py
/home/inteli/modulo8-p1/cg/install/cg/lib/python3.10/site-packages/cg/teste.py
/home/inteli/modulo8-p1/cg/install/cg/lib/python3.10/site-packages/cg/navegacao_mapa.py
/home/inteli/modulo8-p1/cg/install/cg/lib/python3.10/site-packages/cg/main_cli.py
/home/inteli/modulo8-p1/cg/install/cg/lib/python3.10/site-packages/cg/Utils/Screen.py
/home/inteli/modulo8-p1/cg/install/cg/lib/python3.10/site-packages/cg/Utils/Grid.py
/home/inteli/modulo8-p1/cg/install/cg/lib/python3.10/site-packages/cg/Utils/__init__.py
/home/inteli/modulo8-p1/cg/install/cg/lib/python3.10/site-packages/cg/Utils/Finders.py
/home/inteli/modulo8-p1/cg/install/cg/lib/python3.10/site-packages/cg/Utils/Csv.py
/home/inteli/modulo8-p1/cg/install/cg/lib/python3.10/site-packages/cg/__pycache__/navegacao_reativa.cpython-310.pyc
/home/inteli/modulo8-p1/cg/install/cg/lib/python3.10/site-packages/cg/__pycache__/Maze.cpython-310.pyc
/home/inteli/modulo8-p1/cg/install/cg/lib/python3.10/site-packages/cg/__pycache__/Robot.cpython-310.pyc
/home/inteli/modulo8-p1/cg/install/cg/lib/python3.10/site-packages/cg/__pycache__/Game.cpython-310.pyc
/home/inteli/modulo8-p1/cg/install/cg/lib/python3.10/site-packages/cg/__pycache__/main.cpython-310.pyc
/home/inteli/modulo8-p1/cg/install/cg/lib/python3.10/site-packages/cg/__pycache__/__init__.cpython-310.pyc
/home/inteli/modulo8-p1/cg/install/cg/lib/python3.10/site-packages/cg/__pycache__/Editor.cpython-310.pyc
/home/inteli/modulo8-p1/cg/install/cg/lib/python3.10/site-packages/cg/__pycache__/teste.cpython-310.pyc
/home/inteli/modulo8-p1/cg/install/cg/lib/python3.10/site-packages/cg/__pycache__/navegacao_mapa.cpython-310.pyc
/home/inteli/modulo8-p1/cg/install/cg/lib/python3.10/site-packages/cg/__pycache__/main_cli.cpython-310.pyc
/home/inteli/modulo8-p1/cg/install/cg/lib/python3.10/site-packages/cg/Utils/__pycache__/Screen.cpython-310.pyc
/home/inteli/modulo8-p1/cg/install/cg/lib/python3.10/site-packages/cg/Utils/__pycache__/Grid.cpython-310.pyc
/home/inteli/modulo8-p1/cg/install/cg/lib/python3.10/site-packages/cg/Utils/__pycache__/__init__.cpython-310.pyc
/home/inteli/modulo8-p1/cg/install/cg/lib/python3.10/site-packages/cg/Utils/__pycache__/Finders.cpython-310.pyc
/home/inteli/modulo8-p1/cg/install/cg/lib/python3.10/site-packages/cg/Utils/__pycache__/Csv.cpython-310.pyc
/home/inteli/modulo8-p1/cg/install/cg/share/ament_index/resource_index/packages/cg
/home/inteli/modulo8-p1/cg/install/cg/share/cg/package.xml
/home/inteli/modulo8-p1/cg/install/cg/lib/python3.10/site-packages/cg-0.0.0-py3.10.egg-info/entry_points.txt
/home/inteli/modulo8-p1/cg/install/cg/lib/python3.10/site-packages/cg-0.0.0-py3.10.egg-info/SOURCES.txt
/home/inteli/modulo8-p1/cg/install/cg/lib/python3.10/site-packages/cg-0.0.0-py3.10.egg-info/PKG-INFO
/home/inteli/modulo8-p1/cg/install/cg/lib/python3.10/site-packages/cg-0.0.0-py3.10.egg-info/requires.txt
/home/inteli/modulo8-p1/cg/install/cg/lib/python3.10/site-packages/cg-0.0.0-py3.10.egg-info/top_level.txt
/home/inteli/modulo8-p1/cg/install/cg/lib/python3.10/site-packages/cg-0.0.0-py3.10.egg-info/dependency_links.txt
/home/inteli/modulo8-p1/cg/install/cg/lib/python3.10/site-packages/cg-0.0.0-py3.10.egg-info/zip-safe
/home/inteli/modulo8-p1/cg/install/cg/lib/cg/edit
/home/inteli/modulo8-p1/cg/install/cg/lib/cg/maze
/home/inteli/modulo8-p1/cg/install/cg/lib/cg/test
